{"/home/runner/work/sallie_1.0/sallie_1.0/App.vue": {"path":"/home/runner/work/sallie_1.0/sallie_1.0/App.vue","all":true,"statementMap":{"0":{"start":{"line":1,"column":0},"end":{"line":1,"column":10}},"1":{"start":{"line":2,"column":0},"end":{"line":2,"column":112}},"2":{"start":{"line":3,"column":0},"end":{"line":3,"column":154}},"3":{"start":{"line":4,"column":0},"end":{"line":4,"column":21}},"4":{"start":{"line":5,"column":0},"end":{"line":5,"column":72}},"5":{"start":{"line":6,"column":0},"end":{"line":6,"column":18}},"6":{"start":{"line":7,"column":0},"end":{"line":7,"column":34}},"7":{"start":{"line":8,"column":0},"end":{"line":8,"column":150}},"8":{"start":{"line":9,"column":0},"end":{"line":9,"column":14}},"9":{"start":{"line":10,"column":0},"end":{"line":10,"column":64}},"10":{"start":{"line":11,"column":0},"end":{"line":11,"column":176}},"11":{"start":{"line":12,"column":0},"end":{"line":12,"column":157}},"12":{"start":{"line":13,"column":0},"end":{"line":13,"column":14}},"13":{"start":{"line":14,"column":0},"end":{"line":14,"column":66}},"14":{"start":{"line":15,"column":0},"end":{"line":15,"column":70}},"15":{"start":{"line":16,"column":0},"end":{"line":16,"column":72}},"16":{"start":{"line":17,"column":0},"end":{"line":17,"column":43}},"17":{"start":{"line":18,"column":0},"end":{"line":18,"column":96}},"18":{"start":{"line":19,"column":0},"end":{"line":19,"column":196}},"19":{"start":{"line":20,"column":0},"end":{"line":20,"column":14}},"20":{"start":{"line":21,"column":0},"end":{"line":21,"column":61}},"21":{"start":{"line":22,"column":0},"end":{"line":22,"column":27}},"22":{"start":{"line":23,"column":0},"end":{"line":23,"column":77}},"23":{"start":{"line":24,"column":0},"end":{"line":24,"column":79}},"24":{"start":{"line":25,"column":0},"end":{"line":25,"column":39}},"25":{"start":{"line":26,"column":0},"end":{"line":26,"column":57}},"26":{"start":{"line":27,"column":0},"end":{"line":27,"column":35}},"27":{"start":{"line":28,"column":0},"end":{"line":28,"column":174}},"28":{"start":{"line":29,"column":0},"end":{"line":29,"column":14}},"29":{"start":{"line":30,"column":0},"end":{"line":30,"column":12}},"30":{"start":{"line":31,"column":0},"end":{"line":31,"column":15}},"31":{"start":{"line":32,"column":0},"end":{"line":32,"column":8}},"35":{"start":{"line":36,"column":0},"end":{"line":36,"column":61}},"36":{"start":{"line":37,"column":0},"end":{"line":37,"column":64}},"37":{"start":{"line":38,"column":0},"end":{"line":38,"column":60}},"38":{"start":{"line":39,"column":0},"end":{"line":39,"column":54}},"39":{"start":{"line":40,"column":0},"end":{"line":40,"column":58}},"40":{"start":{"line":41,"column":0},"end":{"line":41,"column":62}},"41":{"start":{"line":42,"column":0},"end":{"line":42,"column":70}},"42":{"start":{"line":43,"column":0},"end":{"line":43,"column":74}},"43":{"start":{"line":44,"column":0},"end":{"line":44,"column":69}},"44":{"start":{"line":45,"column":0},"end":{"line":45,"column":55}},"46":{"start":{"line":47,"column":0},"end":{"line":47,"column":59}},"47":{"start":{"line":48,"column":0},"end":{"line":48,"column":54}},"48":{"start":{"line":49,"column":0},"end":{"line":49,"column":81}},"49":{"start":{"line":50,"column":0},"end":{"line":50,"column":73}},"50":{"start":{"line":51,"column":0},"end":{"line":51,"column":67}},"51":{"start":{"line":52,"column":0},"end":{"line":52,"column":58}},"52":{"start":{"line":53,"column":0},"end":{"line":53,"column":50}},"53":{"start":{"line":54,"column":0},"end":{"line":54,"column":71}},"54":{"start":{"line":55,"column":0},"end":{"line":55,"column":67}},"55":{"start":{"line":56,"column":0},"end":{"line":56,"column":69}},"56":{"start":{"line":57,"column":0},"end":{"line":57,"column":51}},"57":{"start":{"line":58,"column":0},"end":{"line":58,"column":63}},"58":{"start":{"line":59,"column":0},"end":{"line":59,"column":70}},"59":{"start":{"line":60,"column":0},"end":{"line":60,"column":69}},"61":{"start":{"line":62,"column":0},"end":{"line":62,"column":16}},"62":{"start":{"line":63,"column":0},"end":{"line":63,"column":14}},"63":{"start":{"line":64,"column":0},"end":{"line":64,"column":170}},"64":{"start":{"line":65,"column":0},"end":{"line":65,"column":10}},"65":{"start":{"line":66,"column":0},"end":{"line":66,"column":12}},"66":{"start":{"line":67,"column":0},"end":{"line":67,"column":23}},"67":{"start":{"line":68,"column":0},"end":{"line":68,"column":22}},"68":{"start":{"line":69,"column":0},"end":{"line":69,"column":35}},"69":{"start":{"line":70,"column":0},"end":{"line":70,"column":29}},"70":{"start":{"line":71,"column":0},"end":{"line":71,"column":41}},"71":{"start":{"line":72,"column":0},"end":{"line":72,"column":29}},"72":{"start":{"line":73,"column":0},"end":{"line":73,"column":36}},"73":{"start":{"line":74,"column":0},"end":{"line":74,"column":24}},"74":{"start":{"line":75,"column":0},"end":{"line":75,"column":27}},"75":{"start":{"line":76,"column":0},"end":{"line":76,"column":16}},"76":{"start":{"line":77,"column":0},"end":{"line":77,"column":35}},"77":{"start":{"line":78,"column":0},"end":{"line":78,"column":58}},"78":{"start":{"line":79,"column":0},"end":{"line":79,"column":50}},"79":{"start":{"line":80,"column":0},"end":{"line":80,"column":62}},"80":{"start":{"line":81,"column":0},"end":{"line":81,"column":87}},"81":{"start":{"line":82,"column":0},"end":{"line":82,"column":161}},"82":{"start":{"line":83,"column":0},"end":{"line":83,"column":29}},"83":{"start":{"line":84,"column":0},"end":{"line":84,"column":25}},"84":{"start":{"line":85,"column":0},"end":{"line":85,"column":41}},"85":{"start":{"line":86,"column":0},"end":{"line":86,"column":58}},"86":{"start":{"line":87,"column":0},"end":{"line":87,"column":16}},"87":{"start":{"line":88,"column":0},"end":{"line":88,"column":32}},"88":{"start":{"line":89,"column":0},"end":{"line":89,"column":26}},"89":{"start":{"line":90,"column":0},"end":{"line":90,"column":21}},"90":{"start":{"line":91,"column":0},"end":{"line":91,"column":21}},"91":{"start":{"line":92,"column":0},"end":{"line":92,"column":24}},"92":{"start":{"line":93,"column":0},"end":{"line":93,"column":15}},"93":{"start":{"line":94,"column":0},"end":{"line":94,"column":6}},"94":{"start":{"line":95,"column":0},"end":{"line":95,"column":4}},"95":{"start":{"line":96,"column":0},"end":{"line":96,"column":13}},"96":{"start":{"line":97,"column":0},"end":{"line":97,"column":30}},"97":{"start":{"line":98,"column":0},"end":{"line":98,"column":46}},"98":{"start":{"line":99,"column":0},"end":{"line":99,"column":100}},"99":{"start":{"line":100,"column":0},"end":{"line":100,"column":39}},"100":{"start":{"line":101,"column":0},"end":{"line":101,"column":94}},"101":{"start":{"line":102,"column":0},"end":{"line":102,"column":26}},"102":{"start":{"line":103,"column":0},"end":{"line":103,"column":7}},"103":{"start":{"line":104,"column":0},"end":{"line":104,"column":58}},"104":{"start":{"line":105,"column":0},"end":{"line":105,"column":5}},"105":{"start":{"line":106,"column":0},"end":{"line":106,"column":4}},"106":{"start":{"line":107,"column":0},"end":{"line":107,"column":13}},"107":{"start":{"line":108,"column":0},"end":{"line":108,"column":65}},"108":{"start":{"line":109,"column":0},"end":{"line":109,"column":51}},"109":{"start":{"line":110,"column":0},"end":{"line":110,"column":43}},"110":{"start":{"line":111,"column":0},"end":{"line":111,"column":79}},"111":{"start":{"line":112,"column":0},"end":{"line":112,"column":33}},"112":{"start":{"line":113,"column":0},"end":{"line":113,"column":119}},"113":{"start":{"line":114,"column":0},"end":{"line":114,"column":125}},"114":{"start":{"line":115,"column":0},"end":{"line":115,"column":61}},"115":{"start":{"line":116,"column":0},"end":{"line":116,"column":4}},"116":{"start":{"line":117,"column":0},"end":{"line":117,"column":12}},"117":{"start":{"line":118,"column":0},"end":{"line":118,"column":69}},"118":{"start":{"line":119,"column":0},"end":{"line":119,"column":21}},"119":{"start":{"line":120,"column":0},"end":{"line":120,"column":61}},"120":{"start":{"line":121,"column":0},"end":{"line":121,"column":36}},"121":{"start":{"line":122,"column":0},"end":{"line":122,"column":94}},"122":{"start":{"line":123,"column":0},"end":{"line":123,"column":35}},"123":{"start":{"line":124,"column":0},"end":{"line":124,"column":72}},"124":{"start":{"line":125,"column":0},"end":{"line":125,"column":64}},"125":{"start":{"line":126,"column":0},"end":{"line":126,"column":76}},"126":{"start":{"line":127,"column":0},"end":{"line":127,"column":79}},"127":{"start":{"line":128,"column":0},"end":{"line":128,"column":103}},"128":{"start":{"line":129,"column":0},"end":{"line":129,"column":14}},"129":{"start":{"line":130,"column":0},"end":{"line":130,"column":103}},"130":{"start":{"line":131,"column":0},"end":{"line":131,"column":7}},"131":{"start":{"line":132,"column":0},"end":{"line":132,"column":41}},"132":{"start":{"line":133,"column":0},"end":{"line":133,"column":6}},"133":{"start":{"line":134,"column":0},"end":{"line":134,"column":35}},"134":{"start":{"line":135,"column":0},"end":{"line":135,"column":56}},"135":{"start":{"line":136,"column":0},"end":{"line":136,"column":6}},"136":{"start":{"line":137,"column":0},"end":{"line":137,"column":217}},"137":{"start":{"line":138,"column":0},"end":{"line":138,"column":223}},"138":{"start":{"line":139,"column":0},"end":{"line":139,"column":29}},"139":{"start":{"line":140,"column":0},"end":{"line":140,"column":11}},"140":{"start":{"line":141,"column":0},"end":{"line":141,"column":71}},"141":{"start":{"line":142,"column":0},"end":{"line":142,"column":29}},"142":{"start":{"line":143,"column":0},"end":{"line":143,"column":41}},"143":{"start":{"line":144,"column":0},"end":{"line":144,"column":48}},"144":{"start":{"line":145,"column":0},"end":{"line":145,"column":73}},"145":{"start":{"line":146,"column":0},"end":{"line":146,"column":73}},"146":{"start":{"line":147,"column":0},"end":{"line":147,"column":25}},"147":{"start":{"line":148,"column":0},"end":{"line":148,"column":27}},"148":{"start":{"line":149,"column":0},"end":{"line":149,"column":27}},"149":{"start":{"line":150,"column":0},"end":{"line":150,"column":51}},"150":{"start":{"line":151,"column":0},"end":{"line":151,"column":52}},"151":{"start":{"line":152,"column":0},"end":{"line":152,"column":126}},"152":{"start":{"line":153,"column":0},"end":{"line":153,"column":9}},"153":{"start":{"line":154,"column":0},"end":{"line":154,"column":94}},"154":{"start":{"line":155,"column":0},"end":{"line":155,"column":58}},"155":{"start":{"line":156,"column":0},"end":{"line":156,"column":30}},"156":{"start":{"line":157,"column":0},"end":{"line":157,"column":6}},"157":{"start":{"line":158,"column":0},"end":{"line":158,"column":20}},"158":{"start":{"line":159,"column":0},"end":{"line":159,"column":48}},"159":{"start":{"line":160,"column":0},"end":{"line":160,"column":35}},"160":{"start":{"line":161,"column":0},"end":{"line":161,"column":81}},"161":{"start":{"line":162,"column":0},"end":{"line":162,"column":35}},"162":{"start":{"line":163,"column":0},"end":{"line":163,"column":62}},"163":{"start":{"line":164,"column":0},"end":{"line":164,"column":6}},"164":{"start":{"line":165,"column":0},"end":{"line":165,"column":87}},"165":{"start":{"line":166,"column":0},"end":{"line":166,"column":30}},"166":{"start":{"line":167,"column":0},"end":{"line":167,"column":28}},"167":{"start":{"line":168,"column":0},"end":{"line":168,"column":33}},"168":{"start":{"line":169,"column":0},"end":{"line":169,"column":65}},"169":{"start":{"line":170,"column":0},"end":{"line":170,"column":74}},"170":{"start":{"line":171,"column":0},"end":{"line":171,"column":39}},"171":{"start":{"line":172,"column":0},"end":{"line":172,"column":13}},"172":{"start":{"line":173,"column":0},"end":{"line":173,"column":97}},"173":{"start":{"line":174,"column":0},"end":{"line":174,"column":55}},"174":{"start":{"line":175,"column":0},"end":{"line":175,"column":55}},"175":{"start":{"line":176,"column":0},"end":{"line":176,"column":17}},"176":{"start":{"line":177,"column":0},"end":{"line":177,"column":32}},"177":{"start":{"line":178,"column":0},"end":{"line":178,"column":45}},"178":{"start":{"line":179,"column":0},"end":{"line":179,"column":9}},"179":{"start":{"line":180,"column":0},"end":{"line":180,"column":29}},"180":{"start":{"line":181,"column":0},"end":{"line":181,"column":7}},"181":{"start":{"line":182,"column":0},"end":{"line":182,"column":63}},"182":{"start":{"line":183,"column":0},"end":{"line":183,"column":6}},"183":{"start":{"line":184,"column":0},"end":{"line":184,"column":46}},"184":{"start":{"line":185,"column":0},"end":{"line":185,"column":21}},"185":{"start":{"line":186,"column":0},"end":{"line":186,"column":135}},"186":{"start":{"line":187,"column":0},"end":{"line":187,"column":47}},"187":{"start":{"line":188,"column":0},"end":{"line":188,"column":54}},"188":{"start":{"line":189,"column":0},"end":{"line":189,"column":113}},"189":{"start":{"line":190,"column":0},"end":{"line":190,"column":7}},"190":{"start":{"line":191,"column":0},"end":{"line":191,"column":27}},"191":{"start":{"line":192,"column":0},"end":{"line":192,"column":6}},"192":{"start":{"line":193,"column":0},"end":{"line":193,"column":44}},"193":{"start":{"line":194,"column":0},"end":{"line":194,"column":74}},"194":{"start":{"line":195,"column":0},"end":{"line":195,"column":24}},"195":{"start":{"line":196,"column":0},"end":{"line":196,"column":33}},"196":{"start":{"line":197,"column":0},"end":{"line":197,"column":52}},"197":{"start":{"line":198,"column":0},"end":{"line":198,"column":43}},"198":{"start":{"line":199,"column":0},"end":{"line":199,"column":53}},"199":{"start":{"line":200,"column":0},"end":{"line":200,"column":50}},"200":{"start":{"line":201,"column":0},"end":{"line":201,"column":43}},"201":{"start":{"line":202,"column":0},"end":{"line":202,"column":59}},"202":{"start":{"line":203,"column":0},"end":{"line":203,"column":66}},"203":{"start":{"line":204,"column":0},"end":{"line":204,"column":92}},"204":{"start":{"line":205,"column":0},"end":{"line":205,"column":50}},"205":{"start":{"line":206,"column":0},"end":{"line":206,"column":103}},"206":{"start":{"line":207,"column":0},"end":{"line":207,"column":29}},"207":{"start":{"line":208,"column":0},"end":{"line":208,"column":7}},"208":{"start":{"line":209,"column":0},"end":{"line":209,"column":6}},"209":{"start":{"line":210,"column":0},"end":{"line":210,"column":36}},"210":{"start":{"line":211,"column":0},"end":{"line":211,"column":11}},"211":{"start":{"line":212,"column":0},"end":{"line":212,"column":46}},"212":{"start":{"line":213,"column":0},"end":{"line":213,"column":66}},"213":{"start":{"line":214,"column":0},"end":{"line":214,"column":70}},"214":{"start":{"line":215,"column":0},"end":{"line":215,"column":24}},"215":{"start":{"line":216,"column":0},"end":{"line":216,"column":44}},"216":{"start":{"line":217,"column":0},"end":{"line":217,"column":41}},"217":{"start":{"line":218,"column":0},"end":{"line":218,"column":55}},"218":{"start":{"line":219,"column":0},"end":{"line":219,"column":56}},"219":{"start":{"line":220,"column":0},"end":{"line":220,"column":28}},"220":{"start":{"line":221,"column":0},"end":{"line":221,"column":78}},"221":{"start":{"line":222,"column":0},"end":{"line":222,"column":72}},"222":{"start":{"line":223,"column":0},"end":{"line":223,"column":30}},"223":{"start":{"line":224,"column":0},"end":{"line":224,"column":6}},"224":{"start":{"line":225,"column":0},"end":{"line":225,"column":36}},"225":{"start":{"line":226,"column":0},"end":{"line":226,"column":11}},"226":{"start":{"line":227,"column":0},"end":{"line":227,"column":45}},"227":{"start":{"line":228,"column":0},"end":{"line":228,"column":58}},"228":{"start":{"line":229,"column":0},"end":{"line":229,"column":63}},"229":{"start":{"line":230,"column":0},"end":{"line":230,"column":29}},"230":{"start":{"line":231,"column":0},"end":{"line":231,"column":37}},"231":{"start":{"line":232,"column":0},"end":{"line":232,"column":51}},"232":{"start":{"line":233,"column":0},"end":{"line":233,"column":58}},"233":{"start":{"line":234,"column":0},"end":{"line":234,"column":56}},"234":{"start":{"line":235,"column":0},"end":{"line":235,"column":47}},"235":{"start":{"line":236,"column":0},"end":{"line":236,"column":51}},"236":{"start":{"line":237,"column":0},"end":{"line":237,"column":11}},"237":{"start":{"line":238,"column":0},"end":{"line":238,"column":9}},"238":{"start":{"line":239,"column":0},"end":{"line":239,"column":46}},"239":{"start":{"line":240,"column":0},"end":{"line":240,"column":47}},"240":{"start":{"line":241,"column":0},"end":{"line":241,"column":34}},"241":{"start":{"line":242,"column":0},"end":{"line":242,"column":6}},"242":{"start":{"line":243,"column":0},"end":{"line":243,"column":26}},"243":{"start":{"line":244,"column":0},"end":{"line":244,"column":61}},"244":{"start":{"line":245,"column":0},"end":{"line":245,"column":112}},"245":{"start":{"line":246,"column":0},"end":{"line":246,"column":50}},"246":{"start":{"line":247,"column":0},"end":{"line":247,"column":5}},"247":{"start":{"line":248,"column":0},"end":{"line":248,"column":3}},"248":{"start":{"line":249,"column":0},"end":{"line":249,"column":2}}},"s":{"0":0,"1":0,"2":0,"3":0,"4":0,"5":0,"6":0,"7":0,"8":0,"9":0,"10":0,"11":0,"12":0,"13":0,"14":0,"15":0,"16":0,"17":0,"18":0,"19":0,"20":0,"21":0,"22":0,"23":0,"24":0,"25":0,"26":0,"27":0,"28":0,"29":0,"30":0,"31":0,"35":0,"36":0,"37":0,"38":0,"39":0,"40":0,"41":0,"42":0,"43":0,"44":0,"46":0,"47":0,"48":0,"49":0,"50":0,"51":0,"52":0,"53":0,"54":0,"55":0,"56":0,"57":0,"58":0,"59":0,"61":0,"62":0,"63":0,"64":0,"65":0,"66":0,"67":0,"68":0,"69":0,"70":0,"71":0,"72":0,"73":0,"74":0,"75":0,"76":0,"77":0,"78":0,"79":0,"80":0,"81":0,"82":0,"83":0,"84":0,"85":0,"86":0,"87":0,"88":0,"89":0,"90":0,"91":0,"92":0,"93":0,"94":0,"95":0,"96":0,"97":0,"98":0,"99":0,"100":0,"101":0,"102":0,"103":0,"104":0,"105":0,"106":0,"107":0,"108":0,"109":0,"110":0,"111":0,"112":0,"113":0,"114":0,"115":0,"116":0,"117":0,"118":0,"119":0,"120":0,"121":0,"122":0,"123":0,"124":0,"125":0,"126":0,"127":0,"128":0,"129":0,"130":0,"131":0,"132":0,"133":0,"134":0,"135":0,"136":0,"137":0,"138":0,"139":0,"140":0,"141":0,"142":0,"143":0,"144":0,"145":0,"146":0,"147":0,"148":0,"149":0,"150":0,"151":0,"152":0,"153":0,"154":0,"155":0,"156":0,"157":0,"158":0,"159":0,"160":0,"161":0,"162":0,"163":0,"164":0,"165":0,"166":0,"167":0,"168":0,"169":0,"170":0,"171":0,"172":0,"173":0,"174":0,"175":0,"176":0,"177":0,"178":0,"179":0,"180":0,"181":0,"182":0,"183":0,"184":0,"185":0,"186":0,"187":0,"188":0,"189":0,"190":0,"191":0,"192":0,"193":0,"194":0,"195":0,"196":0,"197":0,"198":0,"199":0,"200":0,"201":0,"202":0,"203":0,"204":0,"205":0,"206":0,"207":0,"208":0,"209":0,"210":0,"211":0,"212":0,"213":0,"214":0,"215":0,"216":0,"217":0,"218":0,"219":0,"220":0,"221":0,"222":0,"223":0,"224":0,"225":0,"226":0,"227":0,"228":0,"229":0,"230":0,"231":0,"232":0,"233":0,"234":0,"235":0,"236":0,"237":0,"238":0,"239":0,"240":0,"241":0,"242":0,"243":0,"244":0,"245":0,"246":0,"247":0,"248":0},"branchMap":{"0":{"type":"branch","line":1,"loc":{"start":{"line":1,"column":0},"end":{"line":262,"column":-999}},"locations":[{"start":{"line":1,"column":0},"end":{"line":262,"column":-999}}]}},"b":{"0":[0]},"fnMap":{"0":{"name":"(empty-report)","decl":{"start":{"line":1,"column":0},"end":{"line":262,"column":-999}},"loc":{"start":{"line":1,"column":0},"end":{"line":262,"column":-999}},"line":1}},"f":{"0":0}}
,"/home/runner/work/sallie_1.0/sallie_1.0/ai/RuntimeSwitcher.ts": {"path":"/home/runner/work/sallie_1.0/sallie_1.0/ai/RuntimeSwitcher.ts","all":true,"statementMap":{"3":{"start":{"line":4,"column":0},"end":{"line":4,"column":36}},"5":{"start":{"line":6,"column":0},"end":{"line":6,"column":10}},"6":{"start":{"line":7,"column":0},"end":{"line":7,"column":82}},"7":{"start":{"line":8,"column":0},"end":{"line":8,"column":70}},"8":{"start":{"line":9,"column":0},"end":{"line":9,"column":73}},"9":{"start":{"line":10,"column":0},"end":{"line":10,"column":79}},"10":{"start":{"line":11,"column":0},"end":{"line":11,"column":4}},"11":{"start":{"line":12,"column":0},"end":{"line":12,"column":1}}},"s":{"3":0,"5":0,"6":0,"7":0,"8":0,"9":0,"10":0,"11":0},"branchMap":{"0":{"type":"branch","line":1,"loc":{"start":{"line":1,"column":480},"end":{"line":12,"column":1}},"locations":[{"start":{"line":1,"column":480},"end":{"line":12,"column":1}}]}},"b":{"0":[1]},"fnMap":{"0":{"name":"(empty-report)","decl":{"start":{"line":1,"column":480},"end":{"line":12,"column":1}},"loc":{"start":{"line":1,"column":480},"end":{"line":12,"column":1}},"line":1}},"f":{"0":1}}
,"/home/runner/work/sallie_1.0/sallie_1.0/ai/intentRouter.ts": {"path":"/home/runner/work/sallie_1.0/sallie_1.0/ai/intentRouter.ts","all":true,"statementMap":{"11":{"start":{"line":12,"column":0},"end":{"line":12,"column":64}},"13":{"start":{"line":14,"column":0},"end":{"line":14,"column":46}},"14":{"start":{"line":15,"column":0},"end":{"line":15,"column":56}},"15":{"start":{"line":16,"column":0},"end":{"line":16,"column":58}},"16":{"start":{"line":17,"column":0},"end":{"line":17,"column":24}},"17":{"start":{"line":18,"column":0},"end":{"line":18,"column":1}}},"s":{"11":0,"13":0,"14":0,"15":0,"16":0,"17":0},"branchMap":{"0":{"type":"branch","line":1,"loc":{"start":{"line":1,"column":596},"end":{"line":18,"column":1}},"locations":[{"start":{"line":1,"column":596},"end":{"line":18,"column":1}}]}},"b":{"0":[1]},"fnMap":{"0":{"name":"(empty-report)","decl":{"start":{"line":1,"column":596},"end":{"line":18,"column":1}},"loc":{"start":{"line":1,"column":596},"end":{"line":18,"column":1}},"line":1}},"f":{"0":1}}
,"/home/runner/work/sallie_1.0/sallie_1.0/ai/moduleStackVisualizer.ts": {"path":"/home/runner/work/sallie_1.0/sallie_1.0/ai/moduleStackVisualizer.ts","all":true,"statementMap":{"0":{"start":{"line":1,"column":0},"end":{"line":1,"column":27}},"12":{"start":{"line":13,"column":0},"end":{"line":13,"column":49}},"13":{"start":{"line":14,"column":0},"end":{"line":14,"column":37}},"15":{"start":{"line":16,"column":0},"end":{"line":16,"column":42}},"16":{"start":{"line":17,"column":0},"end":{"line":17,"column":28}},"17":{"start":{"line":18,"column":0},"end":{"line":18,"column":17}},"18":{"start":{"line":19,"column":0},"end":{"line":19,"column":106}},"19":{"start":{"line":20,"column":0},"end":{"line":20,"column":30}},"20":{"start":{"line":21,"column":0},"end":{"line":21,"column":6}},"21":{"start":{"line":22,"column":0},"end":{"line":22,"column":1}}},"s":{"0":0,"12":0,"13":0,"15":0,"16":0,"17":0,"18":0,"19":0,"20":0,"21":0},"branchMap":{"0":{"type":"branch","line":1,"loc":{"start":{"line":1,"column":669},"end":{"line":22,"column":1}},"locations":[{"start":{"line":1,"column":669},"end":{"line":22,"column":1}}]}},"b":{"0":[0]},"fnMap":{"0":{"name":"(empty-report)","decl":{"start":{"line":1,"column":669},"end":{"line":22,"column":1}},"loc":{"start":{"line":1,"column":669},"end":{"line":22,"column":1}},"line":1}},"f":{"0":0}}
,"/home/runner/work/sallie_1.0/sallie_1.0/ai/moodSignal.ts": {"path":"/home/runner/work/sallie_1.0/sallie_1.0/ai/moodSignal.ts","all":true,"statementMap":{"0":{"start":{"line":1,"column":0},"end":{"line":1,"column":0}},"22":{"start":{"line":23,"column":0},"end":{"line":23,"column":104}},"24":{"start":{"line":25,"column":0},"end":{"line":25,"column":44}},"25":{"start":{"line":26,"column":0},"end":{"line":26,"column":42}},"26":{"start":{"line":27,"column":0},"end":{"line":27,"column":22}},"27":{"start":{"line":28,"column":0},"end":{"line":28,"column":26}},"28":{"start":{"line":29,"column":0},"end":{"line":29,"column":27}},"29":{"start":{"line":30,"column":0},"end":{"line":30,"column":30}},"30":{"start":{"line":31,"column":0},"end":{"line":31,"column":67}},"31":{"start":{"line":32,"column":0},"end":{"line":32,"column":19}},"32":{"start":{"line":33,"column":0},"end":{"line":33,"column":5}},"33":{"start":{"line":34,"column":0},"end":{"line":34,"column":91}},"34":{"start":{"line":35,"column":0},"end":{"line":35,"column":19}},"35":{"start":{"line":36,"column":0},"end":{"line":36,"column":5}},"36":{"start":{"line":37,"column":0},"end":{"line":37,"column":62}},"37":{"start":{"line":38,"column":0},"end":{"line":38,"column":21}},"38":{"start":{"line":39,"column":0},"end":{"line":39,"column":5}},"39":{"start":{"line":40,"column":0},"end":{"line":40,"column":56}},"40":{"start":{"line":41,"column":0},"end":{"line":41,"column":30}},"41":{"start":{"line":42,"column":0},"end":{"line":42,"column":20}},"42":{"start":{"line":43,"column":0},"end":{"line":43,"column":21}},"43":{"start":{"line":44,"column":0},"end":{"line":44,"column":25}},"44":{"start":{"line":45,"column":0},"end":{"line":45,"column":3}},"45":{"start":{"line":46,"column":0},"end":{"line":46,"column":10}},"46":{"start":{"line":47,"column":0},"end":{"line":47,"column":9}},"47":{"start":{"line":48,"column":0},"end":{"line":48,"column":11}},"48":{"start":{"line":49,"column":0},"end":{"line":49,"column":63}},"49":{"start":{"line":50,"column":0},"end":{"line":50,"column":12}},"50":{"start":{"line":51,"column":0},"end":{"line":51,"column":12}},"51":{"start":{"line":52,"column":0},"end":{"line":52,"column":14}},"52":{"start":{"line":53,"column":0},"end":{"line":53,"column":4}},"53":{"start":{"line":54,"column":0},"end":{"line":54,"column":1}},"55":{"start":{"line":56,"column":0},"end":{"line":56,"column":83}},"56":{"start":{"line":57,"column":0},"end":{"line":57,"column":33}},"57":{"start":{"line":58,"column":0},"end":{"line":58,"column":1}},"59":{"start":{"line":60,"column":0},"end":{"line":60,"column":57}},"61":{"start":{"line":62,"column":0},"end":{"line":62,"column":46}},"62":{"start":{"line":63,"column":0},"end":{"line":63,"column":56}},"63":{"start":{"line":64,"column":0},"end":{"line":64,"column":58}},"64":{"start":{"line":65,"column":0},"end":{"line":65,"column":24}},"65":{"start":{"line":66,"column":0},"end":{"line":66,"column":1}}},"s":{"0":0,"22":0,"24":0,"25":0,"26":0,"27":0,"28":0,"29":0,"30":0,"31":0,"32":0,"33":0,"34":0,"35":0,"36":0,"37":0,"38":0,"39":0,"40":0,"41":0,"42":0,"43":0,"44":0,"45":0,"46":0,"47":0,"48":0,"49":0,"50":0,"51":0,"52":0,"53":0,"55":0,"56":0,"57":0,"59":0,"61":0,"62":0,"63":0,"64":0,"65":0},"branchMap":{"0":{"type":"branch","line":1,"loc":{"start":{"line":1,"column":1823},"end":{"line":66,"column":1}},"locations":[{"start":{"line":1,"column":1823},"end":{"line":66,"column":1}}]}},"b":{"0":[0]},"fnMap":{"0":{"name":"(empty-report)","decl":{"start":{"line":1,"column":1823},"end":{"line":66,"column":1}},"loc":{"start":{"line":1,"column":1823},"end":{"line":66,"column":1}},"line":1}},"f":{"0":0}}
,"/home/runner/work/sallie_1.0/sallie_1.0/ai/nlpEngine.ts": {"path":"/home/runner/work/sallie_1.0/sallie_1.0/ai/nlpEngine.ts","all":true,"statementMap":{"3":{"start":{"line":4,"column":0},"end":{"line":4,"column":56}},"5":{"start":{"line":6,"column":0},"end":{"line":6,"column":139}},"6":{"start":{"line":7,"column":0},"end":{"line":7,"column":133}},"7":{"start":{"line":8,"column":0},"end":{"line":8,"column":39}},"8":{"start":{"line":9,"column":0},"end":{"line":9,"column":78}},"9":{"start":{"line":10,"column":0},"end":{"line":10,"column":78}},"10":{"start":{"line":11,"column":0},"end":{"line":11,"column":50}},"11":{"start":{"line":12,"column":0},"end":{"line":12,"column":48}},"12":{"start":{"line":13,"column":0},"end":{"line":13,"column":19}},"13":{"start":{"line":14,"column":0},"end":{"line":14,"column":1}},"15":{"start":{"line":16,"column":0},"end":{"line":16,"column":57}},"17":{"start":{"line":18,"column":0},"end":{"line":18,"column":25}},"18":{"start":{"line":19,"column":0},"end":{"line":19,"column":214}},"19":{"start":{"line":20,"column":0},"end":{"line":20,"column":213}},"20":{"start":{"line":21,"column":0},"end":{"line":21,"column":4}},"21":{"start":{"line":22,"column":0},"end":{"line":22,"column":48}},"22":{"start":{"line":23,"column":0},"end":{"line":23,"column":60}},"23":{"start":{"line":24,"column":0},"end":{"line":24,"column":1}}},"s":{"3":0,"5":0,"6":0,"7":0,"8":0,"9":0,"10":0,"11":0,"12":0,"13":0,"15":0,"17":0,"18":0,"19":0,"20":0,"21":0,"22":0,"23":0},"branchMap":{"0":{"type":"branch","line":1,"loc":{"start":{"line":1,"column":130},"end":{"line":24,"column":-17}},"locations":[{"start":{"line":1,"column":130},"end":{"line":24,"column":-17}}]}},"b":{"0":[1]},"fnMap":{"0":{"name":"(empty-report)","decl":{"start":{"line":1,"column":130},"end":{"line":24,"column":-17}},"loc":{"start":{"line":1,"column":130},"end":{"line":24,"column":-17}},"line":1}},"f":{"0":1}}
,"/home/runner/work/sallie_1.0/sallie_1.0/ai/soulSyncProtocol.ts": {"path":"/home/runner/work/sallie_1.0/sallie_1.0/ai/soulSyncProtocol.ts","all":true,"statementMap":{"15":{"start":{"line":16,"column":0},"end":{"line":16,"column":90}},"16":{"start":{"line":17,"column":0},"end":{"line":17,"column":63}},"17":{"start":{"line":18,"column":0},"end":{"line":18,"column":43}},"18":{"start":{"line":19,"column":0},"end":{"line":19,"column":3}},"19":{"start":{"line":20,"column":0},"end":{"line":20,"column":53}},"20":{"start":{"line":21,"column":0},"end":{"line":21,"column":61}},"21":{"start":{"line":22,"column":0},"end":{"line":22,"column":73}},"22":{"start":{"line":23,"column":0},"end":{"line":23,"column":1}},"24":{"start":{"line":25,"column":0},"end":{"line":25,"column":81}},"25":{"start":{"line":26,"column":0},"end":{"line":26,"column":63}},"26":{"start":{"line":27,"column":0},"end":{"line":27,"column":119}},"27":{"start":{"line":28,"column":0},"end":{"line":28,"column":3}},"28":{"start":{"line":29,"column":0},"end":{"line":29,"column":128}},"29":{"start":{"line":30,"column":0},"end":{"line":30,"column":40}},"30":{"start":{"line":31,"column":0},"end":{"line":31,"column":3}},"31":{"start":{"line":32,"column":0},"end":{"line":32,"column":119}},"32":{"start":{"line":33,"column":0},"end":{"line":33,"column":1}}},"s":{"15":0,"16":0,"17":0,"18":0,"19":0,"20":0,"21":0,"22":0,"24":0,"25":0,"26":0,"27":0,"28":0,"29":0,"30":0,"31":0,"32":0},"branchMap":{"0":{"type":"branch","line":1,"loc":{"start":{"line":1,"column":1251},"end":{"line":33,"column":1}},"locations":[{"start":{"line":1,"column":1251},"end":{"line":33,"column":1}}]}},"b":{"0":[1]},"fnMap":{"0":{"name":"(empty-report)","decl":{"start":{"line":1,"column":1251},"end":{"line":33,"column":1}},"loc":{"start":{"line":1,"column":1251},"end":{"line":33,"column":1}},"line":1}},"f":{"0":1}}
,"/home/runner/work/sallie_1.0/sallie_1.0/ai/utils/aiUtils.js": {"path":"/home/runner/work/sallie_1.0/sallie_1.0/ai/utils/aiUtils.js","all":true,"statementMap":{"0":{"start":{"line":1,"column":0},"end":{"line":1,"column":13}},"1":{"start":{"line":2,"column":0},"end":{"line":2,"column":42}},"3":{"start":{"line":4,"column":0},"end":{"line":4,"column":34}},"4":{"start":{"line":5,"column":0},"end":{"line":5,"column":45}},"5":{"start":{"line":6,"column":0},"end":{"line":6,"column":1}},"7":{"start":{"line":8,"column":0},"end":{"line":8,"column":33}},"8":{"start":{"line":9,"column":0},"end":{"line":9,"column":52}},"9":{"start":{"line":10,"column":0},"end":{"line":10,"column":1}},"11":{"start":{"line":12,"column":0},"end":{"line":12,"column":36}},"12":{"start":{"line":13,"column":0},"end":{"line":13,"column":53}},"13":{"start":{"line":14,"column":0},"end":{"line":14,"column":1}}},"s":{"0":0,"1":0,"3":0,"4":0,"5":0,"7":0,"8":0,"9":0,"11":0,"12":0,"13":0},"branchMap":{"0":{"type":"branch","line":1,"loc":{"start":{"line":1,"column":0},"end":{"line":14,"column":-112}},"locations":[{"start":{"line":1,"column":0},"end":{"line":14,"column":-112}}]}},"b":{"0":[0]},"fnMap":{"0":{"name":"(empty-report)","decl":{"start":{"line":1,"column":0},"end":{"line":14,"column":-112}},"loc":{"start":{"line":1,"column":0},"end":{"line":14,"column":-112}},"line":1}},"f":{"0":0}}
,"/home/runner/work/sallie_1.0/sallie_1.0/ai/utils/emotionMap.js": {"path":"/home/runner/work/sallie_1.0/sallie_1.0/ai/utils/emotionMap.js","all":true,"statementMap":{"0":{"start":{"line":1,"column":0},"end":{"line":1,"column":16}},"1":{"start":{"line":2,"column":0},"end":{"line":2,"column":53}},"3":{"start":{"line":4,"column":0},"end":{"line":4,"column":27}},"4":{"start":{"line":5,"column":0},"end":{"line":5,"column":9}},"5":{"start":{"line":6,"column":0},"end":{"line":6,"column":21}},"6":{"start":{"line":7,"column":0},"end":{"line":7,"column":25}},"7":{"start":{"line":8,"column":0},"end":{"line":8,"column":4}},"8":{"start":{"line":9,"column":0},"end":{"line":9,"column":16}},"9":{"start":{"line":10,"column":0},"end":{"line":10,"column":21}},"10":{"start":{"line":11,"column":0},"end":{"line":11,"column":51}},"11":{"start":{"line":12,"column":0},"end":{"line":12,"column":4}},"12":{"start":{"line":13,"column":0},"end":{"line":13,"column":15}},"13":{"start":{"line":14,"column":0},"end":{"line":14,"column":21}},"14":{"start":{"line":15,"column":0},"end":{"line":15,"column":51}},"15":{"start":{"line":16,"column":0},"end":{"line":16,"column":4}},"16":{"start":{"line":17,"column":0},"end":{"line":17,"column":11}},"17":{"start":{"line":18,"column":0},"end":{"line":18,"column":21}},"18":{"start":{"line":19,"column":0},"end":{"line":19,"column":41}},"19":{"start":{"line":20,"column":0},"end":{"line":20,"column":3}},"20":{"start":{"line":21,"column":0},"end":{"line":21,"column":2}}},"s":{"0":0,"1":0,"3":0,"4":0,"5":0,"6":0,"7":0,"8":0,"9":0,"10":0,"11":0,"12":0,"13":0,"14":0,"15":0,"16":0,"17":0,"18":0,"19":0,"20":0},"branchMap":{"0":{"type":"branch","line":1,"loc":{"start":{"line":1,"column":436},"end":{"line":21,"column":2}},"locations":[{"start":{"line":1,"column":436},"end":{"line":21,"column":2}}]}},"b":{"0":[0]},"fnMap":{"0":{"name":"(empty-report)","decl":{"start":{"line":1,"column":436},"end":{"line":21,"column":2}},"loc":{"start":{"line":1,"column":436},"end":{"line":21,"column":2}},"line":1}},"f":{"0":0}}
,"/home/runner/work/sallie_1.0/sallie_1.0/ai/utils/emotionMap.ts": {"path":"/home/runner/work/sallie_1.0/sallie_1.0/ai/utils/emotionMap.ts","all":true,"statementMap":{"17":{"start":{"line":18,"column":0},"end":{"line":18,"column":57}},"18":{"start":{"line":19,"column":0},"end":{"line":19,"column":9}},"19":{"start":{"line":20,"column":0},"end":{"line":20,"column":20}},"20":{"start":{"line":21,"column":0},"end":{"line":21,"column":18}},"21":{"start":{"line":22,"column":0},"end":{"line":22,"column":20}},"22":{"start":{"line":23,"column":0},"end":{"line":23,"column":54}},"23":{"start":{"line":24,"column":0},"end":{"line":24,"column":50}},"24":{"start":{"line":25,"column":0},"end":{"line":25,"column":4}},"26":{"start":{"line":27,"column":0},"end":{"line":27,"column":12}},"27":{"start":{"line":28,"column":0},"end":{"line":28,"column":23}},"28":{"start":{"line":29,"column":0},"end":{"line":29,"column":18}},"29":{"start":{"line":30,"column":0},"end":{"line":30,"column":20}},"30":{"start":{"line":31,"column":0},"end":{"line":31,"column":46}},"31":{"start":{"line":32,"column":0},"end":{"line":32,"column":45}},"32":{"start":{"line":33,"column":0},"end":{"line":33,"column":4}},"34":{"start":{"line":35,"column":0},"end":{"line":35,"column":14}},"35":{"start":{"line":36,"column":0},"end":{"line":36,"column":25}},"36":{"start":{"line":37,"column":0},"end":{"line":37,"column":18}},"37":{"start":{"line":38,"column":0},"end":{"line":38,"column":20}},"38":{"start":{"line":39,"column":0},"end":{"line":39,"column":53}},"39":{"start":{"line":40,"column":0},"end":{"line":40,"column":54}},"40":{"start":{"line":41,"column":0},"end":{"line":41,"column":4}},"42":{"start":{"line":43,"column":0},"end":{"line":43,"column":15}},"43":{"start":{"line":44,"column":0},"end":{"line":44,"column":26}},"44":{"start":{"line":45,"column":0},"end":{"line":45,"column":18}},"45":{"start":{"line":46,"column":0},"end":{"line":46,"column":20}},"46":{"start":{"line":47,"column":0},"end":{"line":47,"column":45}},"47":{"start":{"line":48,"column":0},"end":{"line":48,"column":50}},"48":{"start":{"line":49,"column":0},"end":{"line":49,"column":4}},"50":{"start":{"line":51,"column":0},"end":{"line":51,"column":15}},"51":{"start":{"line":52,"column":0},"end":{"line":52,"column":26}},"52":{"start":{"line":53,"column":0},"end":{"line":53,"column":18}},"53":{"start":{"line":54,"column":0},"end":{"line":54,"column":21}},"54":{"start":{"line":55,"column":0},"end":{"line":55,"column":51}},"55":{"start":{"line":56,"column":0},"end":{"line":56,"column":48}},"56":{"start":{"line":57,"column":0},"end":{"line":57,"column":4}},"58":{"start":{"line":59,"column":0},"end":{"line":59,"column":18}},"59":{"start":{"line":60,"column":0},"end":{"line":60,"column":29}},"60":{"start":{"line":61,"column":0},"end":{"line":61,"column":18}},"61":{"start":{"line":62,"column":0},"end":{"line":62,"column":20}},"62":{"start":{"line":63,"column":0},"end":{"line":63,"column":59}},"63":{"start":{"line":64,"column":0},"end":{"line":64,"column":52}},"64":{"start":{"line":65,"column":0},"end":{"line":65,"column":4}},"66":{"start":{"line":67,"column":0},"end":{"line":67,"column":11}},"67":{"start":{"line":68,"column":0},"end":{"line":68,"column":22}},"68":{"start":{"line":69,"column":0},"end":{"line":69,"column":18}},"69":{"start":{"line":70,"column":0},"end":{"line":70,"column":20}},"70":{"start":{"line":71,"column":0},"end":{"line":71,"column":54}},"71":{"start":{"line":72,"column":0},"end":{"line":72,"column":48}},"72":{"start":{"line":73,"column":0},"end":{"line":73,"column":4}},"74":{"start":{"line":75,"column":0},"end":{"line":75,"column":15}},"75":{"start":{"line":76,"column":0},"end":{"line":76,"column":26}},"76":{"start":{"line":77,"column":0},"end":{"line":77,"column":18}},"77":{"start":{"line":78,"column":0},"end":{"line":78,"column":21}},"78":{"start":{"line":79,"column":0},"end":{"line":79,"column":50}},"79":{"start":{"line":80,"column":0},"end":{"line":80,"column":50}},"80":{"start":{"line":81,"column":0},"end":{"line":81,"column":3}},"81":{"start":{"line":82,"column":0},"end":{"line":82,"column":2}},"83":{"start":{"line":84,"column":0},"end":{"line":84,"column":64}},"84":{"start":{"line":85,"column":0},"end":{"line":85,"column":48}},"85":{"start":{"line":86,"column":0},"end":{"line":86,"column":1}},"87":{"start":{"line":88,"column":0},"end":{"line":88,"column":93}},"88":{"start":{"line":89,"column":0},"end":{"line":89,"column":29}},"89":{"start":{"line":90,"column":0},"end":{"line":90,"column":85}},"90":{"start":{"line":91,"column":0},"end":{"line":91,"column":64}},"91":{"start":{"line":92,"column":0},"end":{"line":92,"column":53}},"92":{"start":{"line":93,"column":0},"end":{"line":93,"column":4}},"94":{"start":{"line":95,"column":0},"end":{"line":95,"column":57}},"96":{"start":{"line":97,"column":0},"end":{"line":97,"column":48}},"99":{"start":{"line":100,"column":0},"end":{"line":100,"column":25}},"100":{"start":{"line":101,"column":0},"end":{"line":101,"column":48}},"101":{"start":{"line":102,"column":0},"end":{"line":102,"column":48}},"102":{"start":{"line":103,"column":0},"end":{"line":103,"column":57}},"103":{"start":{"line":104,"column":0},"end":{"line":104,"column":48}},"104":{"start":{"line":105,"column":0},"end":{"line":105,"column":54}},"105":{"start":{"line":106,"column":0},"end":{"line":106,"column":46}},"106":{"start":{"line":107,"column":0},"end":{"line":107,"column":5}},"107":{"start":{"line":108,"column":0},"end":{"line":108,"column":5}},"109":{"start":{"line":110,"column":0},"end":{"line":110,"column":19}},"110":{"start":{"line":111,"column":0},"end":{"line":111,"column":1}},"112":{"start":{"line":113,"column":0},"end":{"line":113,"column":100}},"113":{"start":{"line":114,"column":0},"end":{"line":114,"column":45}},"116":{"start":{"line":117,"column":0},"end":{"line":117,"column":27}},"117":{"start":{"line":118,"column":0},"end":{"line":118,"column":104}},"118":{"start":{"line":119,"column":0},"end":{"line":119,"column":106}},"119":{"start":{"line":120,"column":0},"end":{"line":120,"column":101}},"120":{"start":{"line":121,"column":0},"end":{"line":121,"column":101}},"121":{"start":{"line":122,"column":0},"end":{"line":122,"column":99}},"122":{"start":{"line":123,"column":0},"end":{"line":123,"column":104}},"123":{"start":{"line":124,"column":0},"end":{"line":124,"column":111}},"124":{"start":{"line":125,"column":0},"end":{"line":125,"column":4}},"126":{"start":{"line":127,"column":0},"end":{"line":127,"column":56}},"127":{"start":{"line":128,"column":0},"end":{"line":128,"column":67}},"128":{"start":{"line":129,"column":0},"end":{"line":129,"column":21}},"129":{"start":{"line":130,"column":0},"end":{"line":130,"column":5}},"130":{"start":{"line":131,"column":0},"end":{"line":131,"column":3}},"132":{"start":{"line":133,"column":0},"end":{"line":133,"column":24}},"133":{"start":{"line":134,"column":0},"end":{"line":134,"column":1}},"135":{"start":{"line":136,"column":0},"end":{"line":136,"column":110}},"136":{"start":{"line":137,"column":0},"end":{"line":137,"column":48}},"137":{"start":{"line":138,"column":0},"end":{"line":138,"column":52}},"139":{"start":{"line":140,"column":0},"end":{"line":140,"column":38}},"140":{"start":{"line":141,"column":0},"end":{"line":141,"column":45}},"141":{"start":{"line":142,"column":0},"end":{"line":142,"column":50}},"142":{"start":{"line":143,"column":0},"end":{"line":143,"column":4}},"144":{"start":{"line":145,"column":0},"end":{"line":145,"column":37}},"145":{"start":{"line":146,"column":0},"end":{"line":146,"column":46}},"146":{"start":{"line":147,"column":0},"end":{"line":147,"column":52}},"147":{"start":{"line":148,"column":0},"end":{"line":148,"column":7}},"148":{"start":{"line":149,"column":0},"end":{"line":149,"column":4}},"150":{"start":{"line":151,"column":0},"end":{"line":151,"column":10}},"151":{"start":{"line":152,"column":0},"end":{"line":152,"column":12}},"152":{"start":{"line":153,"column":0},"end":{"line":153,"column":14}},"153":{"start":{"line":154,"column":0},"end":{"line":154,"column":32}},"154":{"start":{"line":155,"column":0},"end":{"line":155,"column":34}},"155":{"start":{"line":156,"column":0},"end":{"line":156,"column":59}},"156":{"start":{"line":157,"column":0},"end":{"line":157,"column":84}},"157":{"start":{"line":158,"column":0},"end":{"line":158,"column":4}},"158":{"start":{"line":159,"column":0},"end":{"line":159,"column":1}},"160":{"start":{"line":161,"column":0},"end":{"line":161,"column":58}},"161":{"start":{"line":162,"column":0},"end":{"line":162,"column":44}},"162":{"start":{"line":163,"column":0},"end":{"line":163,"column":41}},"163":{"start":{"line":164,"column":0},"end":{"line":164,"column":39}},"164":{"start":{"line":165,"column":0},"end":{"line":165,"column":42}},"165":{"start":{"line":166,"column":0},"end":{"line":166,"column":41}},"166":{"start":{"line":167,"column":0},"end":{"line":167,"column":38}},"167":{"start":{"line":168,"column":0},"end":{"line":168,"column":44}},"168":{"start":{"line":169,"column":0},"end":{"line":169,"column":42}},"169":{"start":{"line":170,"column":0},"end":{"line":170,"column":42}},"170":{"start":{"line":171,"column":0},"end":{"line":171,"column":4}},"172":{"start":{"line":173,"column":0},"end":{"line":173,"column":44}},"173":{"start":{"line":174,"column":0},"end":{"line":174,"column":1}},"175":{"start":{"line":176,"column":0},"end":{"line":176,"column":63}},"176":{"start":{"line":177,"column":0},"end":{"line":177,"column":50}},"177":{"start":{"line":178,"column":0},"end":{"line":178,"column":21}},"178":{"start":{"line":179,"column":0},"end":{"line":179,"column":26}},"179":{"start":{"line":180,"column":0},"end":{"line":180,"column":29}},"180":{"start":{"line":181,"column":0},"end":{"line":181,"column":28}},"181":{"start":{"line":182,"column":0},"end":{"line":182,"column":29}},"182":{"start":{"line":183,"column":0},"end":{"line":183,"column":33}},"183":{"start":{"line":184,"column":0},"end":{"line":184,"column":24}},"184":{"start":{"line":185,"column":0},"end":{"line":185,"column":28}},"185":{"start":{"line":186,"column":0},"end":{"line":186,"column":4}},"187":{"start":{"line":188,"column":0},"end":{"line":188,"column":47}},"188":{"start":{"line":189,"column":0},"end":{"line":189,"column":1}}},"s":{"17":0,"18":0,"19":0,"20":0,"21":0,"22":0,"23":0,"24":0,"26":0,"27":0,"28":0,"29":0,"30":0,"31":0,"32":0,"34":0,"35":0,"36":0,"37":0,"38":0,"39":0,"40":0,"42":0,"43":0,"44":0,"45":0,"46":0,"47":0,"48":0,"50":0,"51":0,"52":0,"53":0,"54":0,"55":0,"56":0,"58":0,"59":0,"60":0,"61":0,"62":0,"63":0,"64":0,"66":0,"67":0,"68":0,"69":0,"70":0,"71":0,"72":0,"74":0,"75":0,"76":0,"77":0,"78":0,"79":0,"80":0,"81":0,"83":0,"84":0,"85":0,"87":0,"88":0,"89":0,"90":0,"91":0,"92":0,"94":0,"96":0,"99":0,"100":0,"101":0,"102":0,"103":0,"104":0,"105":0,"106":0,"107":0,"109":0,"110":0,"112":0,"113":0,"116":0,"117":0,"118":0,"119":0,"120":0,"121":0,"122":0,"123":0,"124":0,"126":0,"127":0,"128":0,"129":0,"130":0,"132":0,"133":0,"135":0,"136":0,"137":0,"139":0,"140":0,"141":0,"142":0,"144":0,"145":0,"146":0,"147":0,"148":0,"150":0,"151":0,"152":0,"153":0,"154":0,"155":0,"156":0,"157":0,"158":0,"160":0,"161":0,"162":0,"163":0,"164":0,"165":0,"166":0,"167":0,"168":0,"169":0,"170":0,"172":0,"173":0,"175":0,"176":0,"177":0,"178":0,"179":0,"180":0,"181":0,"182":0,"183":0,"184":0,"185":0,"187":0,"188":0},"branchMap":{"0":{"type":"branch","line":1,"loc":{"start":{"line":1,"column":343},"end":{"line":189,"column":-111}},"locations":[{"start":{"line":1,"column":343},"end":{"line":189,"column":-111}}]}},"b":{"0":[1]},"fnMap":{"0":{"name":"(empty-report)","decl":{"start":{"line":1,"column":343},"end":{"line":189,"column":-111}},"loc":{"start":{"line":1,"column":343},"end":{"line":189,"column":-111}},"line":1}},"f":{"0":1}}
,"/home/runner/work/sallie_1.0/sallie_1.0/components/personaSwitch.vue": {"path":"/home/runner/work/sallie_1.0/sallie_1.0/components/personaSwitch.vue","all":true,"statementMap":{"0":{"start":{"line":1,"column":0},"end":{"line":1,"column":0}},"2":{"start":{"line":3,"column":0},"end":{"line":3,"column":30}},"3":{"start":{"line":4,"column":0},"end":{"line":4,"column":27}},"4":{"start":{"line":5,"column":0},"end":{"line":5,"column":80}},"5":{"start":{"line":6,"column":0},"end":{"line":6,"column":13}},"6":{"start":{"line":7,"column":0},"end":{"line":7,"column":98}},"7":{"start":{"line":8,"column":0},"end":{"line":8,"column":40}},"8":{"start":{"line":9,"column":0},"end":{"line":9,"column":67}},"9":{"start":{"line":10,"column":0},"end":{"line":10,"column":14}},"10":{"start":{"line":11,"column":0},"end":{"line":11,"column":10}},"11":{"start":{"line":12,"column":0},"end":{"line":12,"column":63}},"12":{"start":{"line":13,"column":0},"end":{"line":13,"column":52}},"13":{"start":{"line":14,"column":0},"end":{"line":14,"column":69}},"14":{"start":{"line":15,"column":0},"end":{"line":15,"column":30}},"15":{"start":{"line":16,"column":0},"end":{"line":16,"column":53}},"16":{"start":{"line":17,"column":0},"end":{"line":17,"column":33}},"17":{"start":{"line":18,"column":0},"end":{"line":18,"column":10}},"18":{"start":{"line":19,"column":0},"end":{"line":19,"column":8}},"22":{"start":{"line":23,"column":0},"end":{"line":23,"column":16}},"23":{"start":{"line":24,"column":0},"end":{"line":24,"column":24}},"24":{"start":{"line":25,"column":0},"end":{"line":25,"column":10}},"25":{"start":{"line":26,"column":0},"end":{"line":26,"column":12}},"26":{"start":{"line":27,"column":0},"end":{"line":27,"column":17}},"27":{"start":{"line":28,"column":0},"end":{"line":28,"column":114}},"28":{"start":{"line":29,"column":0},"end":{"line":29,"column":108}},"29":{"start":{"line":30,"column":0},"end":{"line":30,"column":112}},"30":{"start":{"line":31,"column":0},"end":{"line":31,"column":107}},"31":{"start":{"line":32,"column":0},"end":{"line":32,"column":105}},"32":{"start":{"line":33,"column":0},"end":{"line":33,"column":101}},"33":{"start":{"line":34,"column":0},"end":{"line":34,"column":117}},"34":{"start":{"line":35,"column":0},"end":{"line":35,"column":8}},"35":{"start":{"line":36,"column":0},"end":{"line":36,"column":33}},"36":{"start":{"line":37,"column":0},"end":{"line":37,"column":21}},"37":{"start":{"line":38,"column":0},"end":{"line":38,"column":6}},"38":{"start":{"line":39,"column":0},"end":{"line":39,"column":4}},"39":{"start":{"line":40,"column":0},"end":{"line":40,"column":13}},"40":{"start":{"line":41,"column":0},"end":{"line":41,"column":22}},"41":{"start":{"line":42,"column":0},"end":{"line":42,"column":79}},"42":{"start":{"line":43,"column":0},"end":{"line":43,"column":48}},"43":{"start":{"line":44,"column":0},"end":{"line":44,"column":5}},"44":{"start":{"line":45,"column":0},"end":{"line":45,"column":4}},"45":{"start":{"line":46,"column":0},"end":{"line":46,"column":12}},"46":{"start":{"line":47,"column":0},"end":{"line":47,"column":23}},"47":{"start":{"line":48,"column":0},"end":{"line":48,"column":51}},"48":{"start":{"line":49,"column":0},"end":{"line":49,"column":49}},"49":{"start":{"line":50,"column":0},"end":{"line":50,"column":6}},"50":{"start":{"line":51,"column":0},"end":{"line":51,"column":25}},"51":{"start":{"line":52,"column":0},"end":{"line":52,"column":39}},"52":{"start":{"line":53,"column":0},"end":{"line":53,"column":36}},"53":{"start":{"line":54,"column":0},"end":{"line":54,"column":39}},"54":{"start":{"line":55,"column":0},"end":{"line":55,"column":6}},"55":{"start":{"line":56,"column":0},"end":{"line":56,"column":17}},"56":{"start":{"line":57,"column":0},"end":{"line":57,"column":79}},"57":{"start":{"line":58,"column":0},"end":{"line":58,"column":72}},"58":{"start":{"line":59,"column":0},"end":{"line":59,"column":28}},"59":{"start":{"line":60,"column":0},"end":{"line":60,"column":5}},"60":{"start":{"line":61,"column":0},"end":{"line":61,"column":3}},"61":{"start":{"line":62,"column":0},"end":{"line":62,"column":2}}},"s":{"0":0,"2":0,"3":0,"4":0,"5":0,"6":0,"7":0,"8":0,"9":0,"10":0,"11":0,"12":0,"13":0,"14":0,"15":0,"16":0,"17":0,"18":0,"22":0,"23":0,"24":0,"25":0,"26":0,"27":0,"28":0,"29":0,"30":0,"31":0,"32":0,"33":0,"34":0,"35":0,"36":0,"37":0,"38":0,"39":0,"40":0,"41":0,"42":0,"43":0,"44":0,"45":0,"46":0,"47":0,"48":0,"49":0,"50":0,"51":0,"52":0,"53":0,"54":0,"55":0,"56":0,"57":0,"58":0,"59":0,"60":0,"61":0},"branchMap":{"0":{"type":"branch","line":1,"loc":{"start":{"line":1,"column":0},"end":{"line":89,"column":-2701}},"locations":[{"start":{"line":1,"column":0},"end":{"line":89,"column":-2701}}]}},"b":{"0":[0]},"fnMap":{"0":{"name":"(empty-report)","decl":{"start":{"line":1,"column":0},"end":{"line":89,"column":-2701}},"loc":{"start":{"line":1,"column":0},"end":{"line":89,"column":-2701}},"line":1}},"f":{"0":0}}
,"/home/runner/work/sallie_1.0/sallie_1.0/core/AdaptivePersonaEngine.ts": {"path":"/home/runner/work/sallie_1.0/sallie_1.0/core/AdaptivePersonaEngine.ts","all":true,"statementMap":{"26":{"start":{"line":27,"column":0},"end":{"line":27,"column":29}},"28":{"start":{"line":29,"column":0},"end":{"line":29,"column":49}},"31":{"start":{"line":32,"column":0},"end":{"line":32,"column":17}},"32":{"start":{"line":33,"column":0},"end":{"line":33,"column":27}},"33":{"start":{"line":34,"column":0},"end":{"line":34,"column":23}},"34":{"start":{"line":35,"column":0},"end":{"line":35,"column":20}},"35":{"start":{"line":36,"column":0},"end":{"line":36,"column":23}},"36":{"start":{"line":37,"column":0},"end":{"line":37,"column":40}},"37":{"start":{"line":38,"column":0},"end":{"line":38,"column":28}},"38":{"start":{"line":39,"column":0},"end":{"line":39,"column":6}},"39":{"start":{"line":40,"column":0},"end":{"line":40,"column":49}},"40":{"start":{"line":41,"column":0},"end":{"line":41,"column":3}},"42":{"start":{"line":43,"column":0},"end":{"line":43,"column":72}},"44":{"start":{"line":45,"column":0},"end":{"line":45,"column":76}},"45":{"start":{"line":46,"column":0},"end":{"line":46,"column":79}},"48":{"start":{"line":49,"column":0},"end":{"line":49,"column":38}},"49":{"start":{"line":50,"column":0},"end":{"line":50,"column":28}},"50":{"start":{"line":51,"column":0},"end":{"line":51,"column":65}},"51":{"start":{"line":52,"column":0},"end":{"line":52,"column":60}},"52":{"start":{"line":53,"column":0},"end":{"line":53,"column":82}},"53":{"start":{"line":54,"column":0},"end":{"line":54,"column":28}},"54":{"start":{"line":55,"column":0},"end":{"line":55,"column":6}},"57":{"start":{"line":58,"column":0},"end":{"line":58,"column":53}},"58":{"start":{"line":59,"column":0},"end":{"line":59,"column":37}},"61":{"start":{"line":62,"column":0},"end":{"line":62,"column":41}},"63":{"start":{"line":64,"column":0},"end":{"line":64,"column":22}},"64":{"start":{"line":65,"column":0},"end":{"line":65,"column":3}},"66":{"start":{"line":67,"column":0},"end":{"line":67,"column":103}},"68":{"start":{"line":69,"column":0},"end":{"line":69,"column":39}},"69":{"start":{"line":70,"column":0},"end":{"line":70,"column":76}},"70":{"start":{"line":71,"column":0},"end":{"line":71,"column":5}},"73":{"start":{"line":74,"column":0},"end":{"line":74,"column":63}},"74":{"start":{"line":75,"column":0},"end":{"line":75,"column":25}},"75":{"start":{"line":76,"column":0},"end":{"line":76,"column":5}},"78":{"start":{"line":79,"column":0},"end":{"line":79,"column":42}},"79":{"start":{"line":80,"column":0},"end":{"line":80,"column":27}},"80":{"start":{"line":81,"column":0},"end":{"line":81,"column":5}},"83":{"start":{"line":84,"column":0},"end":{"line":84,"column":79}},"84":{"start":{"line":85,"column":0},"end":{"line":85,"column":26}},"85":{"start":{"line":86,"column":0},"end":{"line":86,"column":5}},"88":{"start":{"line":89,"column":0},"end":{"line":89,"column":75}},"89":{"start":{"line":90,"column":0},"end":{"line":90,"column":25}},"90":{"start":{"line":91,"column":0},"end":{"line":91,"column":5}},"92":{"start":{"line":93,"column":0},"end":{"line":93,"column":22}},"93":{"start":{"line":94,"column":0},"end":{"line":94,"column":3}},"95":{"start":{"line":96,"column":0},"end":{"line":96,"column":74}},"96":{"start":{"line":97,"column":0},"end":{"line":97,"column":27}},"99":{"start":{"line":100,"column":0},"end":{"line":100,"column":51}},"102":{"start":{"line":103,"column":0},"end":{"line":103,"column":39}},"103":{"start":{"line":104,"column":0},"end":{"line":104,"column":63}},"104":{"start":{"line":105,"column":0},"end":{"line":105,"column":26}},"105":{"start":{"line":106,"column":0},"end":{"line":106,"column":73}},"106":{"start":{"line":107,"column":0},"end":{"line":107,"column":26}},"107":{"start":{"line":108,"column":0},"end":{"line":108,"column":5}},"110":{"start":{"line":111,"column":0},"end":{"line":111,"column":54}},"112":{"start":{"line":113,"column":0},"end":{"line":113,"column":53}},"113":{"start":{"line":114,"column":0},"end":{"line":114,"column":3}},"115":{"start":{"line":116,"column":0},"end":{"line":116,"column":67}},"117":{"start":{"line":118,"column":0},"end":{"line":118,"column":26}},"120":{"start":{"line":121,"column":0},"end":{"line":121,"column":39}},"121":{"start":{"line":122,"column":0},"end":{"line":122,"column":25}},"122":{"start":{"line":123,"column":0},"end":{"line":123,"column":5}},"125":{"start":{"line":126,"column":0},"end":{"line":126,"column":52}},"126":{"start":{"line":127,"column":0},"end":{"line":127,"column":25}},"127":{"start":{"line":128,"column":0},"end":{"line":128,"column":5}},"129":{"start":{"line":130,"column":0},"end":{"line":130,"column":53}},"130":{"start":{"line":131,"column":0},"end":{"line":131,"column":3}},"132":{"start":{"line":133,"column":0},"end":{"line":133,"column":119}},"133":{"start":{"line":134,"column":0},"end":{"line":134,"column":22}},"134":{"start":{"line":135,"column":0},"end":{"line":135,"column":108}},"135":{"start":{"line":136,"column":0},"end":{"line":136,"column":83}},"136":{"start":{"line":137,"column":0},"end":{"line":137,"column":95}},"137":{"start":{"line":138,"column":0},"end":{"line":138,"column":89}},"138":{"start":{"line":139,"column":0},"end":{"line":139,"column":6}},"140":{"start":{"line":141,"column":0},"end":{"line":141,"column":26}},"141":{"start":{"line":142,"column":0},"end":{"line":142,"column":3}},"143":{"start":{"line":144,"column":0},"end":{"line":144,"column":63}},"145":{"start":{"line":146,"column":0},"end":{"line":146,"column":40}},"146":{"start":{"line":147,"column":0},"end":{"line":147,"column":62}},"147":{"start":{"line":148,"column":0},"end":{"line":148,"column":26}},"148":{"start":{"line":149,"column":0},"end":{"line":149,"column":9}},"149":{"start":{"line":150,"column":0},"end":{"line":150,"column":34}},"150":{"start":{"line":151,"column":0},"end":{"line":151,"column":5}},"151":{"start":{"line":152,"column":0},"end":{"line":152,"column":3}},"153":{"start":{"line":154,"column":0},"end":{"line":154,"column":37}},"154":{"start":{"line":155,"column":0},"end":{"line":155,"column":31}},"155":{"start":{"line":156,"column":0},"end":{"line":156,"column":3}},"157":{"start":{"line":158,"column":0},"end":{"line":158,"column":42}},"158":{"start":{"line":159,"column":0},"end":{"line":159,"column":39}},"159":{"start":{"line":160,"column":0},"end":{"line":160,"column":3}},"161":{"start":{"line":162,"column":0},"end":{"line":162,"column":28}},"162":{"start":{"line":163,"column":0},"end":{"line":163,"column":44}},"163":{"start":{"line":164,"column":0},"end":{"line":164,"column":54}},"164":{"start":{"line":165,"column":0},"end":{"line":165,"column":5}},"166":{"start":{"line":167,"column":0},"end":{"line":167,"column":74}},"167":{"start":{"line":168,"column":0},"end":{"line":168,"column":57}},"168":{"start":{"line":169,"column":0},"end":{"line":169,"column":39}},"169":{"start":{"line":170,"column":0},"end":{"line":170,"column":17}},"170":{"start":{"line":171,"column":0},"end":{"line":171,"column":37}},"172":{"start":{"line":173,"column":0},"end":{"line":173,"column":50}},"173":{"start":{"line":174,"column":0},"end":{"line":174,"column":41}},"175":{"start":{"line":176,"column":0},"end":{"line":176,"column":74}},"176":{"start":{"line":177,"column":0},"end":{"line":177,"column":3}},"178":{"start":{"line":179,"column":0},"end":{"line":179,"column":17}},"179":{"start":{"line":180,"column":0},"end":{"line":180,"column":27}},"180":{"start":{"line":181,"column":0},"end":{"line":181,"column":23}},"181":{"start":{"line":182,"column":0},"end":{"line":182,"column":20}},"182":{"start":{"line":183,"column":0},"end":{"line":183,"column":23}},"183":{"start":{"line":184,"column":0},"end":{"line":184,"column":41}},"184":{"start":{"line":185,"column":0},"end":{"line":185,"column":28}},"185":{"start":{"line":186,"column":0},"end":{"line":186,"column":6}},"186":{"start":{"line":187,"column":0},"end":{"line":187,"column":32}},"187":{"start":{"line":188,"column":0},"end":{"line":188,"column":3}},"188":{"start":{"line":189,"column":0},"end":{"line":189,"column":1}},"190":{"start":{"line":191,"column":0},"end":{"line":191,"column":23}},"191":{"start":{"line":192,"column":0},"end":{"line":192,"column":85}},"192":{"start":{"line":193,"column":0},"end":{"line":193,"column":12}},"193":{"start":{"line":194,"column":0},"end":{"line":194,"column":61}},"194":{"start":{"line":195,"column":0},"end":{"line":195,"column":65}},"195":{"start":{"line":196,"column":0},"end":{"line":196,"column":37}},"196":{"start":{"line":197,"column":0},"end":{"line":197,"column":51}},"197":{"start":{"line":198,"column":0},"end":{"line":198,"column":33}},"198":{"start":{"line":199,"column":0},"end":{"line":199,"column":42}},"199":{"start":{"line":200,"column":0},"end":{"line":200,"column":6}},"200":{"start":{"line":201,"column":0},"end":{"line":201,"column":3}},"202":{"start":{"line":203,"column":0},"end":{"line":203,"column":60}},"203":{"start":{"line":204,"column":0},"end":{"line":204,"column":109}},"204":{"start":{"line":205,"column":0},"end":{"line":205,"column":96}},"206":{"start":{"line":207,"column":0},"end":{"line":207,"column":24}},"207":{"start":{"line":208,"column":0},"end":{"line":208,"column":70}},"209":{"start":{"line":210,"column":0},"end":{"line":210,"column":39}},"210":{"start":{"line":211,"column":0},"end":{"line":211,"column":62}},"211":{"start":{"line":212,"column":0},"end":{"line":212,"column":7}},"213":{"start":{"line":214,"column":0},"end":{"line":214,"column":43}},"214":{"start":{"line":215,"column":0},"end":{"line":215,"column":62}},"215":{"start":{"line":216,"column":0},"end":{"line":216,"column":7}},"217":{"start":{"line":218,"column":0},"end":{"line":218,"column":83}},"218":{"start":{"line":219,"column":0},"end":{"line":219,"column":3}},"220":{"start":{"line":221,"column":0},"end":{"line":221,"column":60}},"221":{"start":{"line":222,"column":0},"end":{"line":222,"column":107}},"222":{"start":{"line":223,"column":0},"end":{"line":223,"column":83}},"224":{"start":{"line":225,"column":0},"end":{"line":225,"column":43}},"225":{"start":{"line":226,"column":0},"end":{"line":226,"column":51}},"227":{"start":{"line":228,"column":0},"end":{"line":228,"column":43}},"228":{"start":{"line":229,"column":0},"end":{"line":229,"column":55}},"229":{"start":{"line":230,"column":0},"end":{"line":230,"column":7}},"231":{"start":{"line":232,"column":0},"end":{"line":232,"column":39}},"232":{"start":{"line":233,"column":0},"end":{"line":233,"column":55}},"233":{"start":{"line":234,"column":0},"end":{"line":234,"column":7}},"235":{"start":{"line":236,"column":0},"end":{"line":236,"column":50}},"236":{"start":{"line":237,"column":0},"end":{"line":237,"column":3}},"238":{"start":{"line":239,"column":0},"end":{"line":239,"column":34}},"239":{"start":{"line":240,"column":0},"end":{"line":240,"column":39}},"240":{"start":{"line":241,"column":0},"end":{"line":241,"column":49}},"241":{"start":{"line":242,"column":0},"end":{"line":242,"column":52}},"242":{"start":{"line":243,"column":0},"end":{"line":243,"column":50}},"243":{"start":{"line":244,"column":0},"end":{"line":244,"column":19}},"244":{"start":{"line":245,"column":0},"end":{"line":245,"column":3}},"246":{"start":{"line":247,"column":0},"end":{"line":247,"column":49}},"247":{"start":{"line":248,"column":0},"end":{"line":248,"column":26}},"248":{"start":{"line":249,"column":0},"end":{"line":249,"column":83}},"249":{"start":{"line":250,"column":0},"end":{"line":250,"column":86}},"250":{"start":{"line":251,"column":0},"end":{"line":251,"column":72}},"251":{"start":{"line":252,"column":0},"end":{"line":252,"column":6}},"253":{"start":{"line":254,"column":0},"end":{"line":254,"column":66}},"255":{"start":{"line":256,"column":0},"end":{"line":256,"column":66}},"256":{"start":{"line":257,"column":0},"end":{"line":257,"column":67}},"257":{"start":{"line":258,"column":0},"end":{"line":258,"column":20}},"258":{"start":{"line":259,"column":0},"end":{"line":259,"column":7}},"259":{"start":{"line":260,"column":0},"end":{"line":260,"column":5}},"261":{"start":{"line":262,"column":0},"end":{"line":262,"column":21}},"262":{"start":{"line":263,"column":0},"end":{"line":263,"column":3}},"263":{"start":{"line":264,"column":0},"end":{"line":264,"column":1}},"265":{"start":{"line":266,"column":0},"end":{"line":266,"column":65}}},"s":{"26":0,"28":0,"31":0,"32":0,"33":0,"34":0,"35":0,"36":0,"37":0,"38":0,"39":0,"40":0,"42":0,"44":0,"45":0,"48":0,"49":0,"50":0,"51":0,"52":0,"53":0,"54":0,"57":0,"58":0,"61":0,"63":0,"64":0,"66":0,"68":0,"69":0,"70":0,"73":0,"74":0,"75":0,"78":0,"79":0,"80":0,"83":0,"84":0,"85":0,"88":0,"89":0,"90":0,"92":0,"93":0,"95":0,"96":0,"99":0,"102":0,"103":0,"104":0,"105":0,"106":0,"107":0,"110":0,"112":0,"113":0,"115":0,"117":0,"120":0,"121":0,"122":0,"125":0,"126":0,"127":0,"129":0,"130":0,"132":0,"133":0,"134":0,"135":0,"136":0,"137":0,"138":0,"140":0,"141":0,"143":0,"145":0,"146":0,"147":0,"148":0,"149":0,"150":0,"151":0,"153":0,"154":0,"155":0,"157":0,"158":0,"159":0,"161":0,"162":0,"163":0,"164":0,"166":0,"167":0,"168":0,"169":0,"170":0,"172":0,"173":0,"175":0,"176":0,"178":0,"179":0,"180":0,"181":0,"182":0,"183":0,"184":0,"185":0,"186":0,"187":0,"188":0,"190":0,"191":0,"192":0,"193":0,"194":0,"195":0,"196":0,"197":0,"198":0,"199":0,"200":0,"202":0,"203":0,"204":0,"206":0,"207":0,"209":0,"210":0,"211":0,"213":0,"214":0,"215":0,"217":0,"218":0,"220":0,"221":0,"222":0,"224":0,"225":0,"227":0,"228":0,"229":0,"231":0,"232":0,"233":0,"235":0,"236":0,"238":0,"239":0,"240":0,"241":0,"242":0,"243":0,"244":0,"246":0,"247":0,"248":0,"249":0,"250":0,"251":0,"253":0,"255":0,"256":0,"257":0,"258":0,"259":0,"261":0,"262":0,"263":0,"265":0},"branchMap":{"0":{"type":"branch","line":1,"loc":{"start":{"line":1,"column":8417},"end":{"line":268,"column":70}},"locations":[{"start":{"line":1,"column":8417},"end":{"line":268,"column":70}}]}},"b":{"0":[1]},"fnMap":{"0":{"name":"(empty-report)","decl":{"start":{"line":1,"column":8417},"end":{"line":268,"column":70}},"loc":{"start":{"line":1,"column":8417},"end":{"line":268,"column":70}},"line":1}},"f":{"0":1}}
,"/home/runner/work/sallie_1.0/sallie_1.0/core/PersonalityBridge.ts": {"path":"/home/runner/work/sallie_1.0/sallie_1.0/core/PersonalityBridge.ts","all":true,"statementMap":{"27":{"start":{"line":28,"column":0},"end":{"line":28,"column":25}},"29":{"start":{"line":30,"column":0},"end":{"line":30,"column":64}},"30":{"start":{"line":31,"column":0},"end":{"line":31,"column":49}},"32":{"start":{"line":33,"column":0},"end":{"line":33,"column":17}},"33":{"start":{"line":34,"column":0},"end":{"line":34,"column":49}},"34":{"start":{"line":35,"column":0},"end":{"line":35,"column":30}},"35":{"start":{"line":36,"column":0},"end":{"line":36,"column":3}},"37":{"start":{"line":38,"column":0},"end":{"line":38,"column":49}},"38":{"start":{"line":39,"column":0},"end":{"line":39,"column":12}},"39":{"start":{"line":40,"column":0},"end":{"line":40,"column":58}},"40":{"start":{"line":41,"column":0},"end":{"line":41,"column":54}},"41":{"start":{"line":42,"column":0},"end":{"line":42,"column":44}},"42":{"start":{"line":43,"column":0},"end":{"line":43,"column":58}},"43":{"start":{"line":44,"column":0},"end":{"line":44,"column":63}},"44":{"start":{"line":45,"column":0},"end":{"line":45,"column":45}},"45":{"start":{"line":46,"column":0},"end":{"line":46,"column":60}},"46":{"start":{"line":47,"column":0},"end":{"line":47,"column":59}},"47":{"start":{"line":48,"column":0},"end":{"line":48,"column":6}},"48":{"start":{"line":49,"column":0},"end":{"line":49,"column":3}},"50":{"start":{"line":51,"column":0},"end":{"line":51,"column":38}},"51":{"start":{"line":52,"column":0},"end":{"line":52,"column":44}},"52":{"start":{"line":53,"column":0},"end":{"line":53,"column":7}},"53":{"start":{"line":54,"column":0},"end":{"line":54,"column":27}},"54":{"start":{"line":55,"column":0},"end":{"line":55,"column":17}},"55":{"start":{"line":56,"column":0},"end":{"line":56,"column":25}},"56":{"start":{"line":57,"column":0},"end":{"line":57,"column":21}},"57":{"start":{"line":58,"column":0},"end":{"line":58,"column":22}},"58":{"start":{"line":59,"column":0},"end":{"line":59,"column":26}},"59":{"start":{"line":60,"column":0},"end":{"line":60,"column":24}},"60":{"start":{"line":61,"column":0},"end":{"line":61,"column":22}},"61":{"start":{"line":62,"column":0},"end":{"line":62,"column":28}},"62":{"start":{"line":63,"column":0},"end":{"line":63,"column":26}},"63":{"start":{"line":64,"column":0},"end":{"line":64,"column":10}},"64":{"start":{"line":65,"column":0},"end":{"line":65,"column":29}},"65":{"start":{"line":66,"column":0},"end":{"line":66,"column":59}},"66":{"start":{"line":67,"column":0},"end":{"line":67,"column":57}},"67":{"start":{"line":68,"column":0},"end":{"line":68,"column":53}},"68":{"start":{"line":69,"column":0},"end":{"line":69,"column":58}},"69":{"start":{"line":70,"column":0},"end":{"line":70,"column":10}},"70":{"start":{"line":71,"column":0},"end":{"line":71,"column":32}},"71":{"start":{"line":72,"column":0},"end":{"line":72,"column":27}},"72":{"start":{"line":73,"column":0},"end":{"line":73,"column":30}},"73":{"start":{"line":74,"column":0},"end":{"line":74,"column":8}},"74":{"start":{"line":75,"column":0},"end":{"line":75,"column":7}},"75":{"start":{"line":76,"column":0},"end":{"line":76,"column":26}},"76":{"start":{"line":77,"column":0},"end":{"line":77,"column":17}},"77":{"start":{"line":78,"column":0},"end":{"line":78,"column":25}},"78":{"start":{"line":79,"column":0},"end":{"line":79,"column":21}},"79":{"start":{"line":80,"column":0},"end":{"line":80,"column":22}},"80":{"start":{"line":81,"column":0},"end":{"line":81,"column":26}},"81":{"start":{"line":82,"column":0},"end":{"line":82,"column":24}},"82":{"start":{"line":83,"column":0},"end":{"line":83,"column":23}},"83":{"start":{"line":84,"column":0},"end":{"line":84,"column":28}},"84":{"start":{"line":85,"column":0},"end":{"line":85,"column":26}},"85":{"start":{"line":86,"column":0},"end":{"line":86,"column":10}},"86":{"start":{"line":87,"column":0},"end":{"line":87,"column":29}},"87":{"start":{"line":88,"column":0},"end":{"line":88,"column":55}},"88":{"start":{"line":89,"column":0},"end":{"line":89,"column":49}},"89":{"start":{"line":90,"column":0},"end":{"line":90,"column":71}},"90":{"start":{"line":91,"column":0},"end":{"line":91,"column":56}},"91":{"start":{"line":92,"column":0},"end":{"line":92,"column":10}},"92":{"start":{"line":93,"column":0},"end":{"line":93,"column":32}},"93":{"start":{"line":94,"column":0},"end":{"line":94,"column":27}},"94":{"start":{"line":95,"column":0},"end":{"line":95,"column":30}},"95":{"start":{"line":96,"column":0},"end":{"line":96,"column":8}},"96":{"start":{"line":97,"column":0},"end":{"line":97,"column":7}},"97":{"start":{"line":98,"column":0},"end":{"line":98,"column":28}},"98":{"start":{"line":99,"column":0},"end":{"line":99,"column":17}},"99":{"start":{"line":100,"column":0},"end":{"line":100,"column":25}},"100":{"start":{"line":101,"column":0},"end":{"line":101,"column":21}},"101":{"start":{"line":102,"column":0},"end":{"line":102,"column":22}},"102":{"start":{"line":103,"column":0},"end":{"line":103,"column":26}},"103":{"start":{"line":104,"column":0},"end":{"line":104,"column":24}},"104":{"start":{"line":105,"column":0},"end":{"line":105,"column":22}},"105":{"start":{"line":106,"column":0},"end":{"line":106,"column":28}},"106":{"start":{"line":107,"column":0},"end":{"line":107,"column":26}},"107":{"start":{"line":108,"column":0},"end":{"line":108,"column":10}},"108":{"start":{"line":109,"column":0},"end":{"line":109,"column":29}},"109":{"start":{"line":110,"column":0},"end":{"line":110,"column":43}},"110":{"start":{"line":111,"column":0},"end":{"line":111,"column":45}},"111":{"start":{"line":112,"column":0},"end":{"line":112,"column":50}},"112":{"start":{"line":113,"column":0},"end":{"line":113,"column":55}},"113":{"start":{"line":114,"column":0},"end":{"line":114,"column":10}},"114":{"start":{"line":115,"column":0},"end":{"line":115,"column":35}},"115":{"start":{"line":116,"column":0},"end":{"line":116,"column":27}},"116":{"start":{"line":117,"column":0},"end":{"line":117,"column":30}},"117":{"start":{"line":118,"column":0},"end":{"line":118,"column":8}},"118":{"start":{"line":119,"column":0},"end":{"line":119,"column":7}},"119":{"start":{"line":120,"column":0},"end":{"line":120,"column":25}},"120":{"start":{"line":121,"column":0},"end":{"line":121,"column":40}},"121":{"start":{"line":122,"column":0},"end":{"line":122,"column":29}},"122":{"start":{"line":123,"column":0},"end":{"line":123,"column":44}},"123":{"start":{"line":124,"column":0},"end":{"line":124,"column":47}},"124":{"start":{"line":125,"column":0},"end":{"line":125,"column":37}},"125":{"start":{"line":126,"column":0},"end":{"line":126,"column":41}},"126":{"start":{"line":127,"column":0},"end":{"line":127,"column":10}},"127":{"start":{"line":128,"column":0},"end":{"line":128,"column":26}},"128":{"start":{"line":129,"column":0},"end":{"line":129,"column":27}},"129":{"start":{"line":130,"column":0},"end":{"line":130,"column":30}},"130":{"start":{"line":131,"column":0},"end":{"line":131,"column":7}},"131":{"start":{"line":132,"column":0},"end":{"line":132,"column":6}},"133":{"start":{"line":134,"column":0},"end":{"line":134,"column":33}},"134":{"start":{"line":135,"column":0},"end":{"line":135,"column":47}},"135":{"start":{"line":136,"column":0},"end":{"line":136,"column":7}},"136":{"start":{"line":137,"column":0},"end":{"line":137,"column":3}},"138":{"start":{"line":139,"column":0},"end":{"line":139,"column":34}},"139":{"start":{"line":140,"column":0},"end":{"line":140,"column":37}},"140":{"start":{"line":141,"column":0},"end":{"line":141,"column":3}},"142":{"start":{"line":143,"column":0},"end":{"line":143,"column":55}},"143":{"start":{"line":144,"column":0},"end":{"line":144,"column":62}},"144":{"start":{"line":145,"column":0},"end":{"line":145,"column":29}},"145":{"start":{"line":146,"column":0},"end":{"line":146,"column":3}},"147":{"start":{"line":148,"column":0},"end":{"line":148,"column":55}},"148":{"start":{"line":149,"column":0},"end":{"line":149,"column":43}},"149":{"start":{"line":150,"column":0},"end":{"line":150,"column":3}},"151":{"start":{"line":152,"column":0},"end":{"line":152,"column":37}},"152":{"start":{"line":153,"column":0},"end":{"line":153,"column":44}},"153":{"start":{"line":154,"column":0},"end":{"line":154,"column":31}},"155":{"start":{"line":156,"column":0},"end":{"line":156,"column":47}},"156":{"start":{"line":157,"column":0},"end":{"line":157,"column":29}},"157":{"start":{"line":158,"column":0},"end":{"line":158,"column":16}},"158":{"start":{"line":159,"column":0},"end":{"line":159,"column":3}},"160":{"start":{"line":161,"column":0},"end":{"line":161,"column":84}},"161":{"start":{"line":162,"column":0},"end":{"line":162,"column":51}},"162":{"start":{"line":163,"column":0},"end":{"line":163,"column":75}},"164":{"start":{"line":165,"column":0},"end":{"line":165,"column":26}},"165":{"start":{"line":166,"column":0},"end":{"line":166,"column":28}},"166":{"start":{"line":167,"column":0},"end":{"line":167,"column":23}},"167":{"start":{"line":168,"column":0},"end":{"line":168,"column":6}},"169":{"start":{"line":170,"column":0},"end":{"line":170,"column":29}},"170":{"start":{"line":171,"column":0},"end":{"line":171,"column":3}},"172":{"start":{"line":173,"column":0},"end":{"line":173,"column":27}},"177":{"start":{"line":178,"column":0},"end":{"line":178,"column":12}},"178":{"start":{"line":179,"column":0},"end":{"line":179,"column":55}},"181":{"start":{"line":182,"column":0},"end":{"line":182,"column":35}},"182":{"start":{"line":183,"column":0},"end":{"line":183,"column":73}},"183":{"start":{"line":184,"column":0},"end":{"line":184,"column":79}},"184":{"start":{"line":185,"column":0},"end":{"line":185,"column":75}},"185":{"start":{"line":186,"column":0},"end":{"line":186,"column":5}},"188":{"start":{"line":189,"column":0},"end":{"line":189,"column":31}},"189":{"start":{"line":190,"column":0},"end":{"line":190,"column":59}},"190":{"start":{"line":191,"column":0},"end":{"line":191,"column":81}},"191":{"start":{"line":192,"column":0},"end":{"line":192,"column":81}},"192":{"start":{"line":193,"column":0},"end":{"line":193,"column":5}},"195":{"start":{"line":196,"column":0},"end":{"line":196,"column":38}},"196":{"start":{"line":197,"column":0},"end":{"line":197,"column":79}},"197":{"start":{"line":198,"column":0},"end":{"line":198,"column":87}},"198":{"start":{"line":199,"column":0},"end":{"line":199,"column":5}},"201":{"start":{"line":202,"column":0},"end":{"line":202,"column":32}},"202":{"start":{"line":203,"column":0},"end":{"line":203,"column":3}},"204":{"start":{"line":205,"column":0},"end":{"line":205,"column":39}},"205":{"start":{"line":206,"column":0},"end":{"line":206,"column":38}},"207":{"start":{"line":208,"column":0},"end":{"line":208,"column":77}},"209":{"start":{"line":210,"column":0},"end":{"line":210,"column":33}},"210":{"start":{"line":211,"column":0},"end":{"line":211,"column":69}},"211":{"start":{"line":212,"column":0},"end":{"line":212,"column":40}},"212":{"start":{"line":213,"column":0},"end":{"line":213,"column":57}},"213":{"start":{"line":214,"column":0},"end":{"line":214,"column":5}},"215":{"start":{"line":216,"column":0},"end":{"line":216,"column":29}},"216":{"start":{"line":217,"column":0},"end":{"line":217,"column":63}},"217":{"start":{"line":218,"column":0},"end":{"line":218,"column":5}},"219":{"start":{"line":220,"column":0},"end":{"line":220,"column":30}},"220":{"start":{"line":221,"column":0},"end":{"line":221,"column":59}},"221":{"start":{"line":222,"column":0},"end":{"line":222,"column":5}},"223":{"start":{"line":224,"column":0},"end":{"line":224,"column":30}},"224":{"start":{"line":225,"column":0},"end":{"line":225,"column":58}},"225":{"start":{"line":226,"column":0},"end":{"line":226,"column":5}},"227":{"start":{"line":228,"column":0},"end":{"line":228,"column":36}},"228":{"start":{"line":229,"column":0},"end":{"line":229,"column":61}},"229":{"start":{"line":230,"column":0},"end":{"line":230,"column":5}},"231":{"start":{"line":232,"column":0},"end":{"line":232,"column":34}},"232":{"start":{"line":233,"column":0},"end":{"line":233,"column":64}},"233":{"start":{"line":234,"column":0},"end":{"line":234,"column":5}},"235":{"start":{"line":236,"column":0},"end":{"line":236,"column":78}},"237":{"start":{"line":238,"column":0},"end":{"line":238,"column":18}},"238":{"start":{"line":239,"column":0},"end":{"line":239,"column":3}},"240":{"start":{"line":241,"column":0},"end":{"line":241,"column":39}},"241":{"start":{"line":242,"column":0},"end":{"line":242,"column":38}},"242":{"start":{"line":243,"column":0},"end":{"line":243,"column":38}},"244":{"start":{"line":245,"column":0},"end":{"line":245,"column":60}},"245":{"start":{"line":246,"column":0},"end":{"line":246,"column":54}},"246":{"start":{"line":247,"column":0},"end":{"line":247,"column":61}},"247":{"start":{"line":248,"column":0},"end":{"line":248,"column":66}},"248":{"start":{"line":249,"column":0},"end":{"line":249,"column":65}},"250":{"start":{"line":251,"column":0},"end":{"line":251,"column":74}},"251":{"start":{"line":252,"column":0},"end":{"line":252,"column":3}},"253":{"start":{"line":254,"column":0},"end":{"line":254,"column":42}},"254":{"start":{"line":255,"column":0},"end":{"line":255,"column":46}},"255":{"start":{"line":256,"column":0},"end":{"line":256,"column":3}},"257":{"start":{"line":258,"column":0},"end":{"line":258,"column":94}},"258":{"start":{"line":259,"column":0},"end":{"line":259,"column":34}},"259":{"start":{"line":260,"column":0},"end":{"line":260,"column":45}},"260":{"start":{"line":261,"column":0},"end":{"line":261,"column":5}},"262":{"start":{"line":263,"column":0},"end":{"line":263,"column":41}},"263":{"start":{"line":264,"column":0},"end":{"line":264,"column":11}},"264":{"start":{"line":265,"column":0},"end":{"line":265,"column":13}},"265":{"start":{"line":266,"column":0},"end":{"line":266,"column":36}},"266":{"start":{"line":267,"column":0},"end":{"line":267,"column":26}},"267":{"start":{"line":268,"column":0},"end":{"line":268,"column":81}},"268":{"start":{"line":269,"column":0},"end":{"line":269,"column":28}},"269":{"start":{"line":270,"column":0},"end":{"line":270,"column":6}},"271":{"start":{"line":272,"column":0},"end":{"line":272,"column":37}},"272":{"start":{"line":273,"column":0},"end":{"line":273,"column":16}},"273":{"start":{"line":274,"column":0},"end":{"line":274,"column":3}},"275":{"start":{"line":276,"column":0},"end":{"line":276,"column":38}},"276":{"start":{"line":277,"column":0},"end":{"line":277,"column":35}},"277":{"start":{"line":278,"column":0},"end":{"line":278,"column":3}},"279":{"start":{"line":280,"column":0},"end":{"line":280,"column":39}},"280":{"start":{"line":281,"column":0},"end":{"line":281,"column":38}},"281":{"start":{"line":282,"column":0},"end":{"line":282,"column":3}},"283":{"start":{"line":284,"column":0},"end":{"line":284,"column":37}},"284":{"start":{"line":285,"column":0},"end":{"line":285,"column":42}},"285":{"start":{"line":286,"column":0},"end":{"line":286,"column":11}},"286":{"start":{"line":287,"column":0},"end":{"line":287,"column":37}},"287":{"start":{"line":288,"column":0},"end":{"line":288,"column":23}},"288":{"start":{"line":289,"column":0},"end":{"line":289,"column":67}},"289":{"start":{"line":290,"column":0},"end":{"line":290,"column":7}},"290":{"start":{"line":291,"column":0},"end":{"line":291,"column":7}},"293":{"start":{"line":294,"column":0},"end":{"line":294,"column":40}},"294":
[...]
lumn":0},"end":{"line":257,"column":58}},"257":{"start":{"line":258,"column":0},"end":{"line":258,"column":58}},"258":{"start":{"line":259,"column":0},"end":{"line":259,"column":52}},"259":{"start":{"line":260,"column":0},"end":{"line":260,"column":52}},"261":{"start":{"line":262,"column":0},"end":{"line":262,"column":102}},"262":{"start":{"line":263,"column":0},"end":{"line":263,"column":3}},"263":{"start":{"line":264,"column":0},"end":{"line":264,"column":15}},"264":{"start":{"line":265,"column":0},"end":{"line":265,"column":1}},"266":{"start":{"line":267,"column":0},"end":{"line":267,"column":82}},"267":{"start":{"line":268,"column":0},"end":{"line":268,"column":17}},"268":{"start":{"line":269,"column":0},"end":{"line":269,"column":35}},"269":{"start":{"line":270,"column":0},"end":{"line":270,"column":45}},"270":{"start":{"line":271,"column":0},"end":{"line":271,"column":105}},"271":{"start":{"line":272,"column":0},"end":{"line":272,"column":3}},"272":{"start":{"line":273,"column":0},"end":{"line":273,"column":15}},"273":{"start":{"line":274,"column":0},"end":{"line":274,"column":1}},"275":{"start":{"line":276,"column":0},"end":{"line":276,"column":71}},"276":{"start":{"line":277,"column":0},"end":{"line":277,"column":37}},"277":{"start":{"line":278,"column":0},"end":{"line":278,"column":80}},"278":{"start":{"line":279,"column":0},"end":{"line":279,"column":80}},"279":{"start":{"line":280,"column":0},"end":{"line":280,"column":80}},"281":{"start":{"line":282,"column":0},"end":{"line":282,"column":115}},"282":{"start":{"line":283,"column":0},"end":{"line":283,"column":1}}},"s":{"0":0,"15":0,"16":0,"17":0,"18":0,"19":0,"20":0,"21":0,"22":0,"23":0,"24":0,"25":0,"28":0,"29":0,"32":0,"33":0,"34":0,"35":0,"36":0,"37":0,"39":0,"41":0,"63":0,"66":0,"70":0,"72":0,"73":0,"77":0,"80":0,"81":0,"83":0,"88":0,"89":0,"90":0,"94":0,"98":0,"99":0,"101":0,"102":0,"103":0,"104":0,"105":0,"106":0,"107":0,"108":0,"109":0,"110":0,"111":0,"113":0,"116":0,"117":0,"122":0,"123":0,"126":0,"127":0,"128":0,"129":0,"130":0,"134":0,"135":0,"136":0,"140":0,"141":0,"143":0,"144":0,"145":0,"146":0,"147":0,"148":0,"149":0,"150":0,"152":0,"153":0,"155":0,"156":0,"157":0,"158":0,"159":0,"161":0,"162":0,"163":0,"164":0,"165":0,"169":0,"170":0,"172":0,"174":0,"176":0,"179":0,"181":0,"189":0,"192":0,"195":0,"198":0,"201":0,"205":0,"206":0,"208":0,"209":0,"210":0,"211":0,"212":0,"213":0,"214":0,"216":0,"217":0,"218":0,"220":0,"221":0,"222":0,"223":0,"224":0,"225":0,"227":0,"230":0,"231":0,"236":0,"240":0,"243":0,"244":0,"247":0,"248":0,"251":0,"252":0,"253":0,"254":0,"255":0,"256":0,"257":0,"258":0,"259":0,"261":0,"262":0,"263":0,"264":0,"266":0,"267":0,"268":0,"269":0,"270":0,"271":0,"272":0,"273":0,"275":0,"276":0,"277":0,"278":0,"279":0,"281":0,"282":0},"branchMap":{"0":{"type":"branch","line":1,"loc":{"start":{"line":1,"column":10017},"end":{"line":283,"column":1}},"locations":[{"start":{"line":1,"column":10017},"end":{"line":283,"column":1}}]}},"b":{"0":[0]},"fnMap":{"0":{"name":"(empty-report)","decl":{"start":{"line":1,"column":10017},"end":{"line":283,"column":1}},"loc":{"start":{"line":1,"column":10017},"end":{"line":283,"column":1}},"line":1}},"f":{"0":0}}
,"/home/runner/work/sallie_1.0/sallie_1.0/ui/visual/voiceVisualUtils.ts": {"path":"/home/runner/work/sallie_1.0/sallie_1.0/ui/visual/voiceVisualUtils.ts","all":true,"statementMap":{"0":{"start":{"line":1,"column":0},"end":{"line":1,"column":2}},"9":{"start":{"line":10,"column":0},"end":{"line":10,"column":36}},"10":{"start":{"line":11,"column":0},"end":{"line":11,"column":22}},"11":{"start":{"line":12,"column":0},"end":{"line":12,"column":28}},"12":{"start":{"line":13,"column":0},"end":{"line":13,"column":22}},"13":{"start":{"line":14,"column":0},"end":{"line":14,"column":22}},"14":{"start":{"line":15,"column":0},"end":{"line":15,"column":11}},"15":{"start":{"line":16,"column":0},"end":{"line":16,"column":35}},"17":{"start":{"line":18,"column":0},"end":{"line":18,"column":42}},"18":{"start":{"line":19,"column":0},"end":{"line":19,"column":29}},"19":{"start":{"line":20,"column":0},"end":{"line":20,"column":44}},"21":{"start":{"line":22,"column":0},"end":{"line":22,"column":16}},"23":{"start":{"line":24,"column":0},"end":{"line":24,"column":39}},"24":{"start":{"line":25,"column":0},"end":{"line":25,"column":62}},"25":{"start":{"line":26,"column":0},"end":{"line":26,"column":31}},"26":{"start":{"line":27,"column":0},"end":{"line":27,"column":51}},"28":{"start":{"line":29,"column":0},"end":{"line":29,"column":13}},"29":{"start":{"line":30,"column":0},"end":{"line":30,"column":52}},"30":{"start":{"line":31,"column":0},"end":{"line":31,"column":71}},"31":{"start":{"line":32,"column":0},"end":{"line":32,"column":49}},"33":{"start":{"line":34,"column":0},"end":{"line":34,"column":71}},"36":{"start":{"line":37,"column":0},"end":{"line":37,"column":115}},"40":{"start":{"line":41,"column":0},"end":{"line":41,"column":5}},"42":{"start":{"line":43,"column":0},"end":{"line":43,"column":124}},"45":{"start":{"line":46,"column":0},"end":{"line":46,"column":69}},"46":{"start":{"line":47,"column":0},"end":{"line":47,"column":68}},"47":{"start":{"line":48,"column":0},"end":{"line":48,"column":71}},"59":{"start":{"line":60,"column":0},"end":{"line":60,"column":63}},"60":{"start":{"line":61,"column":0},"end":{"line":61,"column":61}},"64":{"start":{"line":65,"column":0},"end":{"line":65,"column":13}},"68":{"start":{"line":69,"column":0},"end":{"line":69,"column":26}},"69":{"start":{"line":70,"column":0},"end":{"line":70,"column":1}},"71":{"start":{"line":72,"column":0},"end":{"line":72,"column":36}},"72":{"start":{"line":73,"column":0},"end":{"line":73,"column":24}},"73":{"start":{"line":74,"column":0},"end":{"line":74,"column":28}},"74":{"start":{"line":75,"column":0},"end":{"line":75,"column":22}},"75":{"start":{"line":76,"column":0},"end":{"line":76,"column":22}},"76":{"start":{"line":77,"column":0},"end":{"line":77,"column":11}},"77":{"start":{"line":78,"column":0},"end":{"line":78,"column":37}},"79":{"start":{"line":80,"column":0},"end":{"line":80,"column":43}},"80":{"start":{"line":81,"column":0},"end":{"line":81,"column":46}},"82":{"start":{"line":83,"column":0},"end":{"line":83,"column":16}},"83":{"start":{"line":84,"column":0},"end":{"line":84,"column":25}},"85":{"start":{"line":86,"column":0},"end":{"line":86,"column":40}},"86":{"start":{"line":87,"column":0},"end":{"line":87,"column":53}},"87":{"start":{"line":88,"column":0},"end":{"line":88,"column":31}},"88":{"start":{"line":89,"column":0},"end":{"line":89,"column":83}},"89":{"start":{"line":90,"column":0},"end":{"line":90,"column":45}},"91":{"start":{"line":92,"column":0},"end":{"line":92,"column":105}},"93":{"start":{"line":94,"column":0},"end":{"line":94,"column":13}},"94":{"start":{"line":95,"column":0},"end":{"line":95,"column":52}},"95":{"start":{"line":96,"column":0},"end":{"line":96,"column":78}},"96":{"start":{"line":97,"column":0},"end":{"line":97,"column":45}},"98":{"start":{"line":99,"column":0},"end":{"line":99,"column":48}},"99":{"start":{"line":100,"column":0},"end":{"line":100,"column":72}},"101":{"start":{"line":102,"column":0},"end":{"line":102,"column":73}},"102":{"start":{"line":103,"column":0},"end":{"line":103,"column":72}},"105":{"start":{"line":106,"column":0},"end":{"line":106,"column":5}},"107":{"start":{"line":108,"column":0},"end":{"line":108,"column":124}},"110":{"start":{"line":111,"column":0},"end":{"line":111,"column":24}},"122":{"start":{"line":123,"column":0},"end":{"line":123,"column":78}},"126":{"start":{"line":127,"column":0},"end":{"line":127,"column":13}},"130":{"start":{"line":131,"column":0},"end":{"line":131,"column":79}},"131":{"start":{"line":132,"column":0},"end":{"line":132,"column":91}},"134":{"start":{"line":135,"column":0},"end":{"line":135,"column":26}},"135":{"start":{"line":136,"column":0},"end":{"line":136,"column":1}},"137":{"start":{"line":138,"column":0},"end":{"line":138,"column":41}},"138":{"start":{"line":139,"column":0},"end":{"line":139,"column":20}},"139":{"start":{"line":140,"column":0},"end":{"line":140,"column":25}},"140":{"start":{"line":141,"column":0},"end":{"line":141,"column":28}},"141":{"start":{"line":142,"column":0},"end":{"line":142,"column":19}},"142":{"start":{"line":143,"column":0},"end":{"line":143,"column":11}},"143":{"start":{"line":144,"column":0},"end":{"line":144,"column":53}},"144":{"start":{"line":145,"column":0},"end":{"line":145,"column":44}},"145":{"start":{"line":146,"column":0},"end":{"line":146,"column":30}},"147":{"start":{"line":148,"column":0},"end":{"line":148,"column":118}},"150":{"start":{"line":151,"column":0},"end":{"line":151,"column":67}},"151":{"start":{"line":152,"column":0},"end":{"line":152,"column":70}},"152":{"start":{"line":153,"column":0},"end":{"line":153,"column":69}},"164":{"start":{"line":165,"column":0},"end":{"line":165,"column":84}},"167":{"start":{"line":168,"column":0},"end":{"line":168,"column":65}},"168":{"start":{"line":169,"column":0},"end":{"line":169,"column":61}},"169":{"start":{"line":170,"column":0},"end":{"line":170,"column":150}},"173":{"start":{"line":174,"column":0},"end":{"line":174,"column":64}},"174":{"start":{"line":175,"column":0},"end":{"line":175,"column":53}},"175":{"start":{"line":176,"column":0},"end":{"line":176,"column":113}},"179":{"start":{"line":180,"column":0},"end":{"line":180,"column":101}},"182":{"start":{"line":183,"column":0},"end":{"line":183,"column":26}},"183":{"start":{"line":184,"column":0},"end":{"line":184,"column":1}},"185":{"start":{"line":186,"column":0},"end":{"line":186,"column":37}},"186":{"start":{"line":187,"column":0},"end":{"line":187,"column":25}},"187":{"start":{"line":188,"column":0},"end":{"line":188,"column":24}},"188":{"start":{"line":189,"column":0},"end":{"line":189,"column":28}},"189":{"start":{"line":190,"column":0},"end":{"line":190,"column":22}},"190":{"start":{"line":191,"column":0},"end":{"line":191,"column":21}},"191":{"start":{"line":192,"column":0},"end":{"line":192,"column":11}},"192":{"start":{"line":193,"column":0},"end":{"line":193,"column":29}},"193":{"start":{"line":194,"column":0},"end":{"line":194,"column":39}},"195":{"start":{"line":196,"column":0},"end":{"line":196,"column":30}},"197":{"start":{"line":198,"column":0},"end":{"line":198,"column":39}},"198":{"start":{"line":199,"column":0},"end":{"line":199,"column":100}},"199":{"start":{"line":200,"column":0},"end":{"line":200,"column":27}},"200":{"start":{"line":201,"column":0},"end":{"line":201,"column":3}},"202":{"start":{"line":203,"column":0},"end":{"line":203,"column":124}},"205":{"start":{"line":206,"column":0},"end":{"line":206,"column":69}},"206":{"start":{"line":207,"column":0},"end":{"line":207,"column":68}},"207":{"start":{"line":208,"column":0},"end":{"line":208,"column":71}},"212":{"start":{"line":213,"column":0},"end":{"line":213,"column":79}},"218":{"start":{"line":219,"column":0},"end":{"line":219,"column":83}},"225":{"start":{"line":226,"column":0},"end":{"line":226,"column":26}},"226":{"start":{"line":227,"column":0},"end":{"line":227,"column":1}},"229":{"start":{"line":230,"column":0},"end":{"line":230,"column":111}},"230":{"start":{"line":231,"column":0},"end":{"line":231,"column":17}},"232":{"start":{"line":233,"column":0},"end":{"line":233,"column":36}},"233":{"start":{"line":234,"column":0},"end":{"line":234,"column":40}},"234":{"start":{"line":235,"column":0},"end":{"line":235,"column":28}},"235":{"start":{"line":236,"column":0},"end":{"line":236,"column":26}},"237":{"start":{"line":238,"column":0},"end":{"line":238,"column":14}},"238":{"start":{"line":239,"column":0},"end":{"line":239,"column":50}},"239":{"start":{"line":240,"column":0},"end":{"line":240,"column":82}},"240":{"start":{"line":241,"column":0},"end":{"line":241,"column":79}},"241":{"start":{"line":242,"column":0},"end":{"line":242,"column":71}},"242":{"start":{"line":243,"column":0},"end":{"line":243,"column":74}},"243":{"start":{"line":244,"column":0},"end":{"line":244,"column":71}},"246":{"start":{"line":247,"column":0},"end":{"line":247,"column":3}},"248":{"start":{"line":249,"column":0},"end":{"line":249,"column":15}},"249":{"start":{"line":250,"column":0},"end":{"line":250,"column":1}},"251":{"start":{"line":252,"column":0},"end":{"line":252,"column":129}},"252":{"start":{"line":253,"column":0},"end":{"line":253,"column":16}},"254":{"start":{"line":255,"column":0},"end":{"line":255,"column":35}},"255":{"start":{"line":256,"column":0},"end":{"line":256,"column":36}},"256":{"start":{"line":257,"column":0},"end":{"line":257,"column":51}},"257":{"start":{"line":258,"column":0},"end":{"line":258,"column":48}},"259":{"start":{"line":260,"column":0},"end":{"line":260,"column":47}},"260":{"start":{"line":261,"column":0},"end":{"line":261,"column":47}},"261":{"start":{"line":262,"column":0},"end":{"line":262,"column":61}},"262":{"start":{"line":263,"column":0},"end":{"line":263,"column":61}},"264":{"start":{"line":265,"column":0},"end":{"line":265,"column":13}},"265":{"start":{"line":266,"column":0},"end":{"line":266,"column":56}},"266":{"start":{"line":267,"column":0},"end":{"line":267,"column":84}},"269":{"start":{"line":270,"column":0},"end":{"line":270,"column":39}},"272":{"start":{"line":273,"column":0},"end":{"line":273,"column":3}},"274":{"start":{"line":275,"column":0},"end":{"line":275,"column":14}},"275":{"start":{"line":276,"column":0},"end":{"line":276,"column":1}}},"s":{"0":0,"9":0,"10":0,"11":0,"12":0,"13":0,"14":0,"15":0,"17":0,"18":0,"19":0,"21":0,"23":0,"24":0,"25":0,"26":0,"28":0,"29":0,"30":0,"31":0,"33":0,"36":0,"40":0,"42":0,"45":0,"46":0,"47":0,"59":0,"60":0,"64":0,"68":0,"69":0,"71":0,"72":0,"73":0,"74":0,"75":0,"76":0,"77":0,"79":0,"80":0,"82":0,"83":0,"85":0,"86":0,"87":0,"88":0,"89":0,"91":0,"93":0,"94":0,"95":0,"96":0,"98":0,"99":0,"101":0,"102":0,"105":0,"107":0,"110":0,"122":0,"126":0,"130":0,"131":0,"134":0,"135":0,"137":0,"138":0,"139":0,"140":0,"141":0,"142":0,"143":0,"144":0,"145":0,"147":0,"150":0,"151":0,"152":0,"164":0,"167":0,"168":0,"169":0,"173":0,"174":0,"175":0,"179":0,"182":0,"183":0,"185":0,"186":0,"187":0,"188":0,"189":0,"190":0,"191":0,"192":0,"193":0,"195":0,"197":0,"198":0,"199":0,"200":0,"202":0,"205":0,"206":0,"207":0,"212":0,"218":0,"225":0,"226":0,"229":0,"230":0,"232":0,"233":0,"234":0,"235":0,"237":0,"238":0,"239":0,"240":0,"241":0,"242":0,"243":0,"246":0,"248":0,"249":0,"251":0,"252":0,"254":0,"255":0,"256":0,"257":0,"259":0,"260":0,"261":0,"262":0,"264":0,"265":0,"266":0,"269":0,"272":0,"274":0,"275":0},"branchMap":{"0":{"type":"branch","line":1,"loc":{"start":{"line":1,"column":0},"end":{"line":276,"column":-199}},"locations":[{"start":{"line":1,"column":0},"end":{"line":276,"column":-199}}]}},"b":{"0":[0]},"fnMap":{"0":{"name":"(empty-report)","decl":{"start":{"line":1,"column":0},"end":{"line":276,"column":-199}},"loc":{"start":{"line":1,"column":0},"end":{"line":276,"column":-199}},"line":1}},"f":{"0":0}}
,"/home/runner/work/sallie_1.0/sallie_1.0/values/valuesCore.vue": {"path":"/home/runner/work/sallie_1.0/sallie_1.0/values/valuesCore.vue","all":true,"statementMap":{"0":{"start":{"line":1,"column":0},"end":{"line":1,"column":10}},"1":{"start":{"line":2,"column":0},"end":{"line":2,"column":27}},"2":{"start":{"line":3,"column":0},"end":{"line":3,"column":31}},"3":{"start":{"line":4,"column":0},"end":{"line":4,"column":8}},"4":{"start":{"line":5,"column":0},"end":{"line":5,"column":34}},"5":{"start":{"line":6,"column":0},"end":{"line":6,"column":40}},"6":{"start":{"line":7,"column":0},"end":{"line":7,"column":58}},"7":{"start":{"line":8,"column":0},"end":{"line":8,"column":56}},"8":{"start":{"line":9,"column":0},"end":{"line":9,"column":33}},"9":{"start":{"line":10,"column":0},"end":{"line":10,"column":32}},"10":{"start":{"line":11,"column":0},"end":{"line":11,"column":9}},"11":{"start":{"line":12,"column":0},"end":{"line":12,"column":8}},"15":{"start":{"line":16,"column":0},"end":{"line":16,"column":16}},"16":{"start":{"line":17,"column":0},"end":{"line":17,"column":20}},"17":{"start":{"line":18,"column":0},"end":{"line":18,"column":2}}},"s":{"0":0,"1":0,"2":0,"3":0,"4":0,"5":0,"6":0,"7":0,"8":0,"9":0,"10":0,"11":0,"15":0,"16":0,"17":0},"branchMap":{"0":{"type":"branch","line":1,"loc":{"start":{"line":1,"column":577},"end":{"line":28,"column":8}},"locations":[{"start":{"line":1,"column":577},"end":{"line":28,"column":8}}]}},"b":{"0":[0]},"fnMap":{"0":{"name":"(empty-report)","decl":{"start":{"line":1,"column":577},"end":{"line":28,"column":8}},"loc":{"start":{"line":1,"column":577},"end":{"line":28,"column":8}},"line":1}},"f":{"0":0}}
,"/home/runner/work/sallie_1.0/sallie_1.0/values/valuesEditor.vue": {"path":"/home/runner/work/sallie_1.0/sallie_1.0/values/valuesEditor.vue","all":true,"statementMap":{"0":{"start":{"line":1,"column":0},"end":{"line":1,"column":10}},"1":{"start":{"line":2,"column":0},"end":{"line":2,"column":29}},"2":{"start":{"line":3,"column":0},"end":{"line":3,"column":31}},"3":{"start":{"line":4,"column":0},"end":{"line":4,"column":39}},"4":{"start":{"line":5,"column":0},"end":{"line":5,"column":20}},"5":{"start":{"line":6,"column":0},"end":{"line":6,"column":50}},"6":{"start":{"line":7,"column":0},"end":{"line":7,"column":14}},"7":{"start":{"line":8,"column":0},"end":{"line":8,"column":41}},"8":{"start":{"line":9,"column":0},"end":{"line":9,"column":11}},"9":{"start":{"line":10,"column":0},"end":{"line":10,"column":8}},"13":{"start":{"line":14,"column":0},"end":{"line":14,"column":16}},"14":{"start":{"line":15,"column":0},"end":{"line":15,"column":23}},"15":{"start":{"line":16,"column":0},"end":{"line":16,"column":18}},"16":{"start":{"line":17,"column":0},"end":{"line":17,"column":10}},"17":{"start":{"line":18,"column":0},"end":{"line":18,"column":12}},"18":{"start":{"line":19,"column":0},"end":{"line":19,"column":19}},"19":{"start":{"line":20,"column":0},"end":{"line":20,"column":30}},"20":{"start":{"line":21,"column":0},"end":{"line":21,"column":36}},"21":{"start":{"line":22,"column":0},"end":{"line":22,"column":54}},"22":{"start":{"line":23,"column":0},"end":{"line":23,"column":52}},"23":{"start":{"line":24,"column":0},"end":{"line":24,"column":29}},"24":{"start":{"line":25,"column":0},"end":{"line":25,"column":27}},"25":{"start":{"line":26,"column":0},"end":{"line":26,"column":18}},"26":{"start":{"line":27,"column":0},"end":{"line":27,"column":6}},"27":{"start":{"line":28,"column":0},"end":{"line":28,"column":4}},"28":{"start":{"line":29,"column":0},"end":{"line":29,"column":12}},"29":{"start":{"line":30,"column":0},"end":{"line":30,"column":24}},"30":{"start":{"line":31,"column":0},"end":{"line":31,"column":29}},"31":{"start":{"line":32,"column":0},"end":{"line":32,"column":37}},"32":{"start":{"line":33,"column":0},"end":{"line":33,"column":41}},"33":{"start":{"line":34,"column":0},"end":{"line":34,"column":8}},"34":{"start":{"line":35,"column":0},"end":{"line":35,"column":58}},"35":{"start":{"line":36,"column":0},"end":{"line":36,"column":48}},"36":{"start":{"line":37,"column":0},"end":{"line":37,"column":40}},"37":{"start":{"line":38,"column":0},"end":{"line":38,"column":29}},"38":{"start":{"line":39,"column":0},"end":{"line":39,"column":5}},"39":{"start":{"line":40,"column":0},"end":{"line":40,"column":3}},"40":{"start":{"line":41,"column":0},"end":{"line":41,"column":2}}},"s":{"0":0,"1":0,"2":0,"3":0,"4":0,"5":0,"6":0,"7":0,"8":0,"9":0,"13":0,"14":0,"15":0,"16":0,"17":0,"18":0,"19":0,"20":0,"21":0,"22":0,"23":0,"24":0,"25":0,"26":0,"27":0,"28":0,"29":0,"30":0,"31":0,"32":0,"33":0,"34":0,"35":0,"36":0,"37":0,"38":0,"39":0,"40":0},"branchMap":{"0":{"type":"branch","line":1,"loc":{"start":{"line":1,"column":0},"end":{"line":70,"column":-1403}},"locations":[{"start":{"line":1,"column":0},"end":{"line":70,"column":-1403}}]}},"b":{"0":[0]},"fnMap":{"0":{"name":"(empty-report)","decl":{"start":{"line":1,"column":0},"end":{"line":70,"column":-1403}},"loc":{"start":{"line":1,"column":0},"end":{"line":70,"column":-1403}},"line":1}},"f":{"0":0}}
}
